#
# A fatal error has been detected by the Java Runtime Environment:
#
#  EXCEPTION_ACCESS_VIOLATION (0xc0000005) at pc=0x00007ffb9c793c85, pid=14276, tid=368
#
# JRE version: Java(TM) SE Runtime Environment (11.0.1+13) (build 11.0.1+13-LTS)
# Java VM: Java HotSpot(TM) 64-Bit Server VM (11.0.1+13-LTS, mixed mode, tiered, compressed oops, g1 gc, windows-amd64)
# Problematic frame:
# C  [DiscordHook64.dll+0x43c85]
#
# No core dump will be written. Minidumps are not enabled by default on client versions of Windows
#
# If you would like to submit a bug report, please visit:
#   http://bugreport.java.com/bugreport/crash.jsp
#

---------------  S U M M A R Y ------------

Command Line: -javaagent:C:\Program Files\JetBrains\IntelliJ IDEA 2018.2.6\lib\idea_rt.jar=63760:C:\Program Files\JetBrains\IntelliJ IDEA 2018.2.6\bin -Dfile.encoding=UTF-8 game.Game

Host: Intel(R) Core(TM) i7-7700 CPU @ 3.60GHz, 8 cores, 15G,  Windows 10 , 64 bit Build 17134 (10.0.17134.648)
Time: Sat Apr  6 20:49:21 2019 GMT Summer Time elapsed time: 119 seconds (0d 0h 1m 59s)

---------------  T H R E A D  ---------------

Current thread (0x000002528f2f2800):  VMThread "VM Thread" [stack: 0x000000a377c00000,0x000000a377d00000] [id=368]

Stack: [0x000000a377c00000,0x000000a377d00000],  sp=0x000000a377cff060,  free space=1020k
Native frames: (J=compiled Java code, j=interpreted, Vv=VM code, C=native code)
C  [DiscordHook64.dll+0x43c85]


siginfo: EXCEPTION_ACCESS_VIOLATION (0xc0000005), reading address 0x00007ffbca2d84a0


Register to memory mapping:

RIP=0x00007ffb9c793c85 DiscordHook64.dll
RAX=0x00007ffbca2d8490 is an unknown value
RBX=0x00007ffb9c9f1c98 DiscordHook64.dll
RCX=0x0000025291b1b298 points into unknown readable memory
RDX=0x00007ffb9c9fad20 DiscordHook64.dll
RSP=0x000000a377cff060 points into unknown readable memory
RBP=0x00003aa441acf6d5 is an unknown value
RSI=0x0 is NULL
RDI=0x0000000000000001 is an unknown value
R8 =0x00003aa441acf6d5 is an unknown value
R9 =0x0000000000000015 is an unknown value
R10=0x000002528fcbb030 points into unknown readable memory
R11=0x0000000000000246 is an unknown value
R12=0x000002528fcbb108 points into unknown readable memory
R13=0x000002528fcbb030 points into unknown readable memory
R14=0x000000a377cff130 points into unknown readable memory
R15=0x0000000000000040 is an unknown value


Registers:
RAX=0x00007ffbca2d8490, RBX=0x00007ffb9c9f1c98, RCX=0x0000025291b1b298, RDX=0x00007ffb9c9fad20
RSP=0x000000a377cff060, RBP=0x00003aa441acf6d5, RSI=0x0000000000000000, RDI=0x0000000000000001
R8 =0x00003aa441acf6d5, R9 =0x0000000000000015, R10=0x000002528fcbb030, R11=0x0000000000000246
R12=0x000002528fcbb108, R13=0x000002528fcbb030, R14=0x000000a377cff130, R15=0x0000000000000040
RIP=0x00007ffb9c793c85, EFLAGS=0x0000000000010202

Top of Stack: (sp=0x000000a377cff060)
0x000000a377cff060:   000002528fcbb068 0000025200000000
0x000000a377cff070:   fffffffffffffffe 000002528fcbb070
0x000000a377cff080:   000002528fcbb030 00007ffb9c94e438
0x000000a377cff090:   000002528fcbb060 0000000000000000
0x000000a377cff0a0:   0000000000000000 000002528fcbb090
0x000000a377cff0b0:   0000000000000001 00007ffb9c750000
0x000000a377cff0c0:   000000a379dfae50 00007ffb9c75d215
0x000000a377cff0d0:   000000a377cff130 00007ffb9c94dfd1
0x000000a377cff0e0:   000000a377cff160 000000a377cff200
0x000000a377cff0f0:   0000000000000001 0000000000000000
0x000000a377cff100:   000000a377cff1e0 00007ffb9c94e5bd
0x000000a377cff110:   000000a377cff1e0 0000000000000000
0x000000a377cff120:   0000d294ca3bb983 000000a377cff160
0x000000a377cff130:   000000a377cff150 000000a377cff1e0
0x000000a377cff140:   0000000000000000 00007ffb9c94c034
0x000000a377cff150:   00007ffb9c9fad20 00007ffbdd505012 

Instructions: (pc=0x00007ffb9c793c85)
0x00007ffb9c793c65:   8d 5b f0 48 ff cf 48 85 c9 74 0a 48 8b 01 ff 50
0x00007ffb9c793c75:   10 48 89 73 08 48 8b 0b 48 85 c9 74 09 48 8b 01
0x00007ffb9c793c85:   ff 50 10 48 89 33 48 85 ff 75 d0 48 8b 5c 24 30
0x00007ffb9c793c95:   48 8b 74 24 38 48 83 c4 20 5f c3 cc cc cc cc cc 


VM_Operation (0x000000a379dfae50): Exit, mode: safepoint, requested by thread 0x0000025291655800


---------------  P R O C E S S  ---------------

Threads class SMR info:
_java_thread_list=0x0000025290618180, length=36, elements={
0x000002528f2f5800, 0x000002528f2f9000, 0x000002528f30c800, 0x000002528f30e800,
0x000002528fc0c800, 0x000002528fc11000, 0x000002528fbba800, 0x000002528fd6c000,
0x000002528fe1f000, 0x000002528fe20000, 0x000002528fee7800, 0x0000025290271000,
0x0000025291420800, 0x00000252903ea000, 0x0000025290447000, 0x00000252916cf800,
0x0000025291655800, 0x00000252922aa800, 0x00000252922a9000, 0x00000252922aa000,
0x00000252922ae000, 0x0000025291da6800, 0x0000025291da3800, 0x0000025291da6000,
0x0000025291da7800, 0x0000025291da2000, 0x0000025291dac800, 0x0000025291dae000,
0x0000025291da8800, 0x0000025291da2800, 0x0000025291da4000, 0x0000025291da5000,
0x0000025291da1000, 0x0000025291daa000, 0x0000025291dab000, 0x0000025291da9000
}

Java Threads: ( => current thread )
  0x000002528f2f5800 JavaThread "Reference Handler" daemon [_thread_blocked, id=11888, stack(0x000000a377d00000,0x000000a377e00000)]
  0x000002528f2f9000 JavaThread "Finalizer" daemon [_thread_blocked, id=2616, stack(0x000000a377e00000,0x000000a377f00000)]
  0x000002528f30c800 JavaThread "Signal Dispatcher" daemon [_thread_blocked, id=13500, stack(0x000000a377f00000,0x000000a378000000)]
  0x000002528f30e800 JavaThread "Attach Listener" daemon [_thread_blocked, id=15124, stack(0x000000a378000000,0x000000a378100000)]
  0x000002528fc0c800 JavaThread "C2 CompilerThread0" daemon [_thread_blocked, id=592, stack(0x000000a378100000,0x000000a378200000)]
  0x000002528fc11000 JavaThread "C1 CompilerThread0" daemon [_thread_blocked, id=3132, stack(0x000000a378200000,0x000000a378300000)]
  0x000002528fbba800 JavaThread "Sweeper thread" daemon [_thread_blocked, id=6460, stack(0x000000a378300000,0x000000a378400000)]
  0x000002528fd6c000 JavaThread "Common-Cleaner" daemon [_thread_blocked, id=10252, stack(0x000000a378400000,0x000000a378500000)]
  0x000002528fe1f000 JavaThread "Monitor Ctrl-Break" daemon [_thread_in_native, id=15204, stack(0x000000a378500000,0x000000a378600000)]
  0x000002528fe20000 JavaThread "Service Thread" daemon [_thread_blocked, id=15056, stack(0x000000a378600000,0x000000a378700000)]
  0x000002528fee7800 JavaThread "Timer-0" [_thread_blocked, id=1856, stack(0x000000a378800000,0x000000a378900000)]
  0x0000025290271000 JavaThread "Java2D Disposer" daemon [_thread_blocked, id=6276, stack(0x000000a378900000,0x000000a378a00000)]
  0x0000025291420800 JavaThread "Java Sound Event Dispatcher" daemon [_thread_blocked, id=6476, stack(0x000000a378f00000,0x000000a379000000)]
  0x00000252903ea000 JavaThread "Direct Clip" daemon [_thread_blocked, id=1512, stack(0x000000a379200000,0x000000a379300000)]
  0x0000025290447000 JavaThread "Direct Clip" daemon [_thread_blocked, id=1688, stack(0x000000a379300000,0x000000a379400000)]
  0x00000252916cf800 JavaThread "AWT-Shutdown" [_thread_blocked, id=10436, stack(0x000000a378a00000,0x000000a378b00000)]
  0x0000025291655800 JavaThread "AWT-EventQueue-0" [_thread_blocked, id=1072, stack(0x000000a379d00000,0x000000a379e00000)]
  0x00000252922aa800 JavaThread "Direct Clip" daemon [_thread_blocked, id=14872, stack(0x000000a379f00000,0x000000a37a000000)]
  0x00000252922a9000 JavaThread "TimerQueue" daemon [_thread_blocked, id=6152, stack(0x000000a37a000000,0x000000a37a100000)]
  0x00000252922aa000 JavaThread "DestroyJavaVM" [_thread_blocked, id=4516, stack(0x000000a377600000,0x000000a377700000)]
  0x00000252922ae000 JavaThread "Timer-1" [_thread_blocked, id=952, stack(0x000000a37a100000,0x000000a37a200000)]
  0x0000025291da6800 JavaThread "Direct Clip" daemon [_thread_blocked, id=9180, stack(0x000000a37a400000,0x000000a37a500000)]
  0x0000025291da3800 JavaThread "Timer-2" [_thread_blocked, id=13900, stack(0x000000a379b00000,0x000000a379c00000)]
  0x0000025291da6000 JavaThread "Timer-3" [_thread_blocked, id=10832, stack(0x000000a37a600000,0x000000a37a700000)]
  0x0000025291da7800 JavaThread "Java Sound Event Dispatcher" daemon [_thread_blocked, id=5092, stack(0x000000a37ad00000,0x000000a37ae00000)]
  0x0000025291da2000 JavaThread "Timer-5" [_thread_blocked, id=13344, stack(0x000000a37a300000,0x000000a37a400000)]
  0x0000025291dac800 JavaThread "Timer-6" [_thread_blocked, id=4684, stack(0x000000a37af00000,0x000000a37b000000)]
  0x0000025291dae000 JavaThread "Timer-7" [_thread_blocked, id=14436, stack(0x000000a37b100000,0x000000a37b200000)]
  0x0000025291da8800 JavaThread "Timer-8" [_thread_blocked, id=6556, stack(0x000000a37b300000,0x000000a37b400000)]
  0x0000025291da2800 JavaThread "Timer-9" [_thread_blocked, id=9412, stack(0x000000a37a500000,0x000000a37a600000)]
  0x0000025291da4000 JavaThread "Direct Clip" daemon [_thread_blocked, id=4404, stack(0x000000a37a700000,0x000000a37a800000)]
  0x0000025291da5000 JavaThread "Timer-10" [_thread_blocked, id=7068, stack(0x000000a37a800000,0x000000a37a900000)]
  0x0000025291da1000 JavaThread "Direct Clip" daemon [_thread_blocked, id=7140, stack(0x000000a37ac00000,0x000000a37ad00000)]
  0x0000025291daa000 JavaThread "Direct Clip" daemon [_thread_blocked, id=13460, stack(0x000000a37ae00000,0x000000a37af00000)]
  0x0000025291dab000 JavaThread "Timer-11" [_thread_blocked, id=9808, stack(0x000000a37b000000,0x000000a37b100000)]
  0x0000025291da9000 JavaThread "Direct Clip" daemon [_thread_blocked, id=14876, stack(0x000000a37b200000,0x000000a37b300000)]

Other Threads:
=>0x000002528f2f2800 VMThread "VM Thread" [stack: 0x000000a377c00000,0x000000a377d00000] [id=368]
  0x00000252eb8bd000 GCTaskThread "GC Thread#0" [stack: 0x000000a377700000,0x000000a377800000] [id=13992]
  0x00000252906c2000 GCTaskThread "GC Thread#1" [stack: 0x000000a379600000,0x000000a379700000] [id=2712]
  0x00000252906bd800 GCTaskThread "GC Thread#2" [stack: 0x000000a379700000,0x000000a379800000] [id=14812]
  0x00000252914f7000 GCTaskThread "GC Thread#3" [stack: 0x000000a379800000,0x000000a379900000] [id=10424]
  0x00000252914f7800 GCTaskThread "GC Thread#4" [stack: 0x000000a379900000,0x000000a379a00000] [id=6532]
  0x00000252914f8800 GCTaskThread "GC Thread#5" [stack: 0x000000a379a00000,0x000000a379b00000] [id=9240]
  0x0000025291dc5000 GCTaskThread "GC Thread#6" [stack: 0x000000a37a900000,0x000000a37aa00000] [id=1712]
  0x0000025291f32000 GCTaskThread "GC Thread#7" [stack: 0x000000a37aa00000,0x000000a37ab00000] [id=9640]
  0x00000252eb91c800 ConcurrentGCThread "G1 Main Marker" [stack: 0x000000a377800000,0x000000a377900000] [id=9128]
  0x00000252eb91f000 ConcurrentGCThread "G1 Conc#0" [stack: 0x000000a377900000,0x000000a377a00000] [id=13688]
  0x00000252901c8000 ConcurrentGCThread "G1 Conc#1" [stack: 0x000000a37ab00000,0x000000a37ac00000] [id=12280]
  0x000002528f1d3000 ConcurrentGCThread "G1 Refine#0" [stack: 0x000000a377a00000,0x000000a377b00000] [id=5796]
  0x000002528f1d4000 ConcurrentGCThread "G1 Young RemSet Sampling" [stack: 0x000000a377b00000,0x000000a377c00000] [id=4176]

Threads with active compile tasks:

VM state:at safepoint (shutting down)

VM Mutex/Monitor currently owned by a thread:  ([mutex/lock_event])
[0x00000252eb8a7f50] Threads_lock - owner thread: 0x000002528f2f2800

Heap address: 0x0000000700800000, size: 4088 MB, Compressed Oops mode: Zero based, Oop shift amount: 3
Narrow klass base: 0x0000000800000000, Narrow klass shift: 0
Compressed class space size: 1073741824 Address: 0x0000000800000000

Heap:
 garbage-first heap   total 262144K, used 132543K [0x0000000700800000, 0x0000000800000000)
  region size 1024K, 11 young (11264K), 8 survivors (8192K)
 Metaspace       used 19909K, capacity 20481K, committed 20736K, reserved 1067008K
  class space    used 1989K, capacity 2235K, committed 2304K, reserved 1048576K
Heap Regions: E=young(eden), S=young(survivor), O=old, HS=humongous(starts), HC=humongous(continues), CS=collection set, F=free, A=archive, TAMS=top-at-mark-start (previous, next)
|   0|0x0000000700800000, 0x0000000700900000, 0x0000000700900000|100%|HS|  |TAMS 0x0000000700900000, 0x0000000700800000| Complete 
|   1|0x0000000700900000, 0x0000000700a00000, 0x0000000700a00000|100%|HC|  |TAMS 0x0000000700a00000, 0x0000000700900000| Complete 
|   2|0x0000000700a00000, 0x0000000700b00000, 0x0000000700b00000|100%|HS|  |TAMS 0x0000000700b00000, 0x0000000700a00000| Complete 
|   3|0x0000000700b00000, 0x0000000700c00000, 0x0000000700c00000|100%|HC|  |TAMS 0x0000000700c00000, 0x0000000700b00000| Complete 
|   4|0x0000000700c00000, 0x0000000700d00000, 0x0000000700d00000|100%|HS|  |TAMS 0x0000000700d00000, 0x0000000700c00000| Complete 
|   5|0x0000000700d00000, 0x0000000700e00000, 0x0000000700e00000|100%|HS|  |TAMS 0x0000000700e00000, 0x0000000700d00000| Complete 
|   6|0x0000000700e00000, 0x0000000700f00000, 0x0000000700f00000|100%|HC|  |TAMS 0x0000000700f00000, 0x0000000700e00000| Complete 
|   7|0x0000000700f00000, 0x0000000701000000, 0x0000000701000000|100%|HC|  |TAMS 0x0000000701000000, 0x0000000700f00000| Complete 
|   8|0x0000000701000000, 0x0000000701100000, 0x0000000701100000|100%|HC|  |TAMS 0x0000000701100000, 0x0000000701000000| Complete 
|   9|0x0000000701100000, 0x0000000701200000, 0x0000000701200000|100%|HC|  |TAMS 0x0000000701200000, 0x0000000701100000| Complete 
|  10|0x0000000701200000, 0x0000000701300000, 0x0000000701300000|100%| O|  |TAMS 0x0000000701300000, 0x0000000701200000| Untracked 
|  11|0x0000000701300000, 0x0000000701400000, 0x0000000701400000|100%|HS|  |TAMS 0x0000000701400000, 0x0000000701300000| Complete 
|  12|0x0000000701400000, 0x0000000701500000, 0x0000000701500000|100%|HC|  |TAMS 0x0000000701500000, 0x0000000701400000| Complete 
|  13|0x0000000701500000, 0x0000000701600000, 0x0000000701600000|100%|HC|  |TAMS 0x0000000701600000, 0x0000000701500000| Complete 
|  14|0x0000000701600000, 0x0000000701700000, 0x0000000701700000|100%|HC|  |TAMS 0x0000000701700000, 0x0000000701600000| Complete 
|  15|0x0000000701700000, 0x0000000701800000, 0x0000000701800000|100%|HC|  |TAMS 0x0000000701800000, 0x0000000701700000| Complete 
|  16|0x0000000701800000, 0x0000000701800000, 0x0000000701900000|  0%| F|  |TAMS 0x0000000701800000, 0x0000000701800000| Untracked 
|  17|0x0000000701900000, 0x0000000701a00000, 0x0000000701a00000|100%|HS|  |TAMS 0x0000000701a00000, 0x0000000701900000| Complete 
|  18|0x0000000701a00000, 0x0000000701b00000, 0x0000000701b00000|100%|HC|  |TAMS 0x0000000701b00000, 0x0000000701a00000| Complete 
|  19|0x0000000701b00000, 0x0000000701c00000, 0x0000000701c00000|100%|HC|  |TAMS 0x0000000701c00000, 0x0000000701b00000| Complete 
|  20|0x0000000701c00000, 0x0000000701d00000, 0x0000000701d00000|100%|HC|  |TAMS 0x0000000701d00000, 0x0000000701c00000| Complete 
|  21|0x0000000701d00000, 0x0000000701e00000, 0x0000000701e00000|100%|HC|  |TAMS 0x0000000701e00000, 0x0000000701d00000| Complete 
|  22|0x0000000701e00000, 0x0000000701f00000, 0x0000000701f00000|100%| O|  |TAMS 0x0000000701f00000, 0x0000000701e00000| Untracked 
|  23|0x0000000701f00000, 0x0000000702000000, 0x0000000702000000|100%|HS|  |TAMS 0x0000000702000000, 0x0000000701f00000| Complete 
|  24|0x0000000702000000, 0x0000000702100000, 0x0000000702100000|100%|HC|  |TAMS 0x0000000702100000, 0x0000000702000000| Complete 
|  25|0x0000000702100000, 0x0000000702200000, 0x0000000702200000|100%|HC|  |TAMS 0x0000000702200000, 0x0000000702100000| Complete 
|  26|0x0000000702200000, 0x0000000702300000, 0x0000000702300000|100%|HC|  |TAMS 0x0000000702300000, 0x0000000702200000| Complete 
|  27|0x0000000702300000, 0x0000000702400000, 0x0000000702400000|100%|HC|  |TAMS 0x0000000702400000, 0x0000000702300000| Complete 
|  28|0x0000000702400000, 0x0000000702500000, 0x0000000702500000|100%|HC|  |TAMS 0x0000000702500000, 0x0000000702400000| Complete 
|  29|0x0000000702500000, 0x0000000702600000, 0x0000000702600000|100%|HC|  |TAMS 0x0000000702600000, 0x0000000702500000| Complete 
|  30|0x0000000702600000, 0x0000000702700000, 0x0000000702700000|100%|HC|  |TAMS 0x0000000702700000, 0x0000000702600000| Complete 
|  31|0x0000000702700000, 0x0000000702800000, 0x0000000702800000|100%|HC|  |TAMS 0x0000000702800000, 0x0000000702700000| Complete 
|  32|0x0000000702800000, 0x0000000702900000, 0x0000000702900000|100%|HC|  |TAMS 0x0000000702900000, 0x0000000702800000| Complete 
|  33|0x0000000702900000, 0x0000000702a00000, 0x0000000702a00000|100%|HC|  |TAMS 0x0000000702a00000, 0x0000000702900000| Complete 
|  34|0x0000000702a00000, 0x0000000702b00000, 0x0000000702b00000|100%|HC|  |TAMS 0x0000000702b00000, 0x0000000702a00000| Complete 
|  35|0x0000000702b00000, 0x0000000702c00000, 0x0000000702c00000|100%|HC|  |TAMS 0x0000000702c00000, 0x0000000702b00000| Complete 
|  36|0x0000000702c00000, 0x0000000702d00000, 0x0000000702d00000|100%|HC|  |TAMS 0x0000000702d00000, 0x0000000702c00000| Complete 
|  37|0x0000000702d00000, 0x0000000702e00000, 0x0000000702e00000|100%|HC|  |TAMS 0x0000000702e00000, 0x0000000702d00000| Complete 
|  38|0x0000000702e00000, 0x0000000702f00000, 0x0000000702f00000|100%|HC|  |TAMS 0x0000000702f00000, 0x0000000702e00000| Complete 
|  39|0x0000000702f00000, 0x0000000703000000, 0x0000000703000000|100%|HC|  |TAMS 0x0000000703000000, 0x0000000702f00000| Complete 
|  40|0x0000000703000000, 0x0000000703000000, 0x0000000703100000|  0%| F|  |TAMS 0x0000000703000000, 0x0000000703000000| Untracked 
|  41|0x0000000703100000, 0x0000000703200000, 0x0000000703200000|100%| O|  |TAMS 0x0000000703200000, 0x0000000703100000| Untracked 
|  42|0x0000000703200000, 0x0000000703300000, 0x0000000703300000|100%| O|  |TAMS 0x0000000703300000, 0x0000000703200000| Untracked 
|  43|0x0000000703300000, 0x0000000703400000, 0x0000000703400000|100%|HS|  |TAMS 0x0000000703400000, 0x0000000703300000| Complete 
|  44|0x0000000703400000, 0x0000000703500000, 0x0000000703500000|100%|HC|  |TAMS 0x0000000703500000, 0x0000000703400000| Complete 
|  45|0x0000000703500000, 0x0000000703600000, 0x0000000703600000|100%|HC|  |TAMS 0x0000000703600000, 0x0000000703500000| Complete 
|  46|0x0000000703600000, 0x0000000703700000, 0x0000000703700000|100%|HC|  |TAMS 0x0000000703700000, 0x0000000703600000| Complete 
|  47|0x0000000703700000, 0x0000000703800000, 0x0000000703800000|100%|HC|  |TAMS 0x0000000703800000, 0x0000000703700000| Complete 
|  48|0x0000000703800000, 0x0000000703900000, 0x0000000703900000|100%|HC|  |TAMS 0x0000000703900000, 0x0000000703800000| Complete 
|  49|0x0000000703900000, 0x0000000703a00000, 0x0000000703a00000|100%|HC|  |TAMS 0x0000000703a00000, 0x0000000703900000| Complete 
|  50|0x0000000703a00000, 0x0000000703b00000, 0x0000000703b00000|100%|HC|  |TAMS 0x0000000703b00000, 0x0000000703a00000| Complete 
|  51|0x0000000703b00000, 0x0000000703c00000, 0x0000000703c00000|100%|HC|  |TAMS 0x0000000703c00000, 0x0000000703b00000| Complete 
|  52|0x0000000703c00000, 0x0000000703d00000, 0x0000000703d00000|100%|HC|  |TAMS 0x0000000703d00000, 0x0000000703c00000| Complete 
|  53|0x0000000703d00000, 0x0000000703e00000, 0x0000000703e00000|100%|HC|  |TAMS 0x0000000703e00000, 0x0000000703d00000| Complete 
|  54|0x0000000703e00000, 0x0000000703f00000, 0x0000000703f00000|100%|HC|  |TAMS 0x0000000703f00000, 0x0000000703e00000| Complete 
|  55|0x0000000703f00000, 0x0000000704000000, 0x0000000704000000|100%|HC|  |TAMS 0x0000000704000000, 0x0000000703f00000| Complete 
|  56|0x0000000704000000, 0x0000000704100000, 0x0000000704100000|100%|HC|  |TAMS 0x0000000704100000, 0x0000000704000000| Complete 
|  57|0x0000000704100000, 0x0000000704200000, 0x0000000704200000|100%|HC|  |TAMS 0x0000000704200000, 0x0000000704100000| Complete 
|  58|0x0000000704200000, 0x0000000704300000, 0x0000000704300000|100%|HC|  |TAMS 0x0000000704300000, 0x0000000704200000| Complete 
|  59|0x0000000704300000, 0x0000000704400000, 0x0000000704400000|100%|HC|  |TAMS 0x0000000704400000, 0x0000000704300000| Complete 
|  60|0x0000000704400000, 0x0000000704500000, 0x0000000704500000|100%| O|  |TAMS 0x0000000704500000, 0x0000000704400000| Untracked 
|  61|0x0000000704500000, 0x0000000704600000, 0x0000000704600000|100%| O|  |TAMS 0x0000000704600000, 0x0000000704500000| Untracked 
|  62|0x0000000704600000, 0x0000000704700000, 0x0000000704700000|100%| O|  |TAMS 0x0000000704700000, 0x0000000704600000| Untracked 
|  63|0x0000000704700000, 0x0000000704800000, 0x0000000704800000|100%|HS|  |TAMS 0x0000000704800000, 0x0000000704700000| Complete 
|  64|0x0000000704800000, 0x0000000704900000, 0x0000000704900000|100%|HC|  |TAMS 0x0000000704900000, 0x0000000704800000| Complete 
|  65|0x0000000704900000, 0x0000000704a00000, 0x0000000704a00000|100%|HC|  |TAMS 0x0000000704a00000, 0x0000000704900000| Complete 
|  66|0x0000000704a00000, 0x0000000704b00000, 0x0000000704b00000|100%|HC|  |TAMS 0x0000000704b00000, 0x0000000704a00000| Complete 
|  67|0x0000000704b00000, 0x0000000704c00000, 0x0000000704c00000|100%|HC|  |TAMS 0x0000000704c00000, 0x0000000704b00000| Complete 
|  68|0x0000000704c00000, 0x0000000704d00000, 0x0000000704d00000|100%|HC|  |TAMS 0x0000000704d00000, 0x0000000704c00000| Complete 
|  69|0x0000000704d00000, 0x0000000704e00000, 0x0000000704e00000|100%|HC|  |TAMS 0x0000000704e00000, 0x0000000704d00000| Complete 
|  70|0x0000000704e00000, 0x0000000704f00000, 0x0000000704f00000|100%|HC|  |TAMS 0x0000000704f00000, 0x0000000704e00000| Complete 
|  71|0x0000000704f00000, 0x0000000705000000, 0x0000000705000000|100%|HC|  |TAMS 0x0000000705000000, 0x0000000704f00000| Complete 
|  72|0x0000000705000000, 0x0000000705100000, 0x0000000705100000|100%|HC|  |TAMS 0x0000000705100000, 0x0000000705000000| Complete 
|  73|0x0000000705100000, 0x0000000705200000, 0x0000000705200000|100%|HC|  |TAMS 0x0000000705200000, 0x0000000705100000| Complete 
|  74|0x0000000705200000, 0x0000000705300000, 0x0000000705300000|100%|HC|  |TAMS 0x0000000705300000, 0x0000000705200000| Complete 
|  75|0x0000000705300000, 0x0000000705400000, 0x0000000705400000|100%|HC|  |TAMS 0x0000000705400000, 0x0000000705300000| Complete 
|  76|0x0000000705400000, 0x0000000705500000, 0x0000000705500000|100%|HC|  |TAMS 0x0000000705500000, 0x0000000705400000| Complete 
|  77|0x0000000705500000, 0x0000000705600000, 0x0000000705600000|100%|HC|  |TAMS 0x0000000705600000, 0x0000000705500000| Complete 
|  78|0x0000000705600000, 0x0000000705700000, 0x0000000705700000|100%|HC|  |TAMS 0x0000000705700000, 0x0000000705600000| Complete 
|  79|0x0000000705700000, 0x0000000705800000, 0x0000000705800000|100%|HC|  |TAMS 0x0000000705800000, 0x0000000705700000| Complete 
|  80|0x0000000705800000, 0x0000000705830400, 0x0000000705900000| 18%| O|  |TAMS 0x0000000705830400, 0x0000000705800000| Untracked 
|  81|0x0000000705900000, 0x0000000705a00000, 0x0000000705a00000|100%|HS|  |TAMS 0x0000000705a00000, 0x0000000705900000| Complete 
|  82|0x0000000705a00000, 0x0000000705b00000, 0x0000000705b00000|100%|HC|  |TAMS 0x0000000705b00000, 0x0000000705a00000| Complete 
|  83|0x0000000705b00000, 0x0000000705c00000, 0x0000000705c00000|100%|HS|  |TAMS 0x0000000705c00000, 0x0000000705b00000| Complete 
|  84|0x0000000705c00000, 0x0000000705d00000, 0x0000000705d00000|100%|HC|  |TAMS 0x0000000705d00000, 0x0000000705c00000| Complete 
|  85|0x0000000705d00000, 0x0000000705e00000, 0x0000000705e00000|100%|HC|  |TAMS 0x0000000705e00000, 0x0000000705d00000| Complete 
|  86|0x0000000705e00000, 0x0000000705f00000, 0x0000000705f00000|100%|HC|  |TAMS 0x0000000705f00000, 0x0000000705e00000| Complete 
|  87|0x0000000705f00000, 0x0000000706000000, 0x0000000706000000|100%|HC|  |TAMS 0x0000000706000000, 0x0000000705f00000| Complete 
|  88|0x0000000706000000, 0x0000000706100000, 0x0000000706100000|100%|HC|  |TAMS 0x0000000706100000, 0x0000000706000000| Complete 
|  89|0x0000000706100000, 0x0000000706200000, 0x0000000706200000|100%|HC|  |TAMS 0x0000000706200000, 0x0000000706100000| Complete 
|  90|0x0000000706200000, 0x0000000706300000, 0x0000000706300000|100%|HC|  |TAMS 0x0000000706300000, 0x0000000706200000| Complete 
|  91|0x0000000706300000, 0x0000000706400000, 0x0000000706400000|100%|HC|  |TAMS 0x0000000706400000, 0x0000000706300000| Complete 
|  92|0x0000000706400000, 0x0000000706500000, 0x0000000706500000|100%|HC|  |TAMS 0x0000000706500000, 0x0000000706400000| Complete 
|  93|0x0000000706500000, 0x0000000706600000, 0x0000000706600000|100%|HC|  |TAMS 0x0000000706600000, 0x0000000706500000| Complete 
|  94|0x0000000706600000, 0x0000000706700000, 0x0000000706700000|100%|HC|  |TAMS 0x0000000706700000, 0x0000000706600000| Complete 
|  95|0x0000000706700000, 0x0000000706800000, 0x0000000706800000|100%|HC|  |TAMS 0x0000000706800000, 0x0000000706700000| Complete 
|  96|0x0000000706800000, 0x0000000706900000, 0x0000000706900000|100%|HC|  |TAMS 0x0000000706900000, 0x0000000706800000| Complete 
|  97|0x0000000706900000, 0x0000000706a00000, 0x0000000706a00000|100%|HC|  |TAMS 0x0000000706a00000, 0x0000000706900000| Complete 
|  98|0x0000000706a00000, 0x0000000706b00000, 0x0000000706b00000|100%|HC|  |TAMS 0x0000000706b00000, 0x0000000706a00000| Complete 
|  99|0x0000000706b00000, 0x0000000706c00000, 0x0000000706c00000|100%|HC|  |TAMS 0x0000000706c00000, 0x0000000706b00000| Complete 
| 100|0x0000000706c00000, 0x0000000706d00000, 0x0000000706d00000|100%|HS|  |TAMS 0x0000000706d00000, 0x0000000706c00000| Complete 
| 101|0x0000000706d00000, 0x0000000706e00000, 0x0000000706e00000|100%|HC|  |TAMS 0x0000000706e00000, 0x0000000706d00000| Complete 
| 102|0x0000000706e00000, 0x0000000706f00000, 0x0000000706f00000|100%|HC|  |TAMS 0x0000000706f00000, 0x0000000706e00000| Complete 
| 103|0x0000000706f00000, 0x0000000707000000, 0x0000000707000000|100%|HC|  |TAMS 0x0000000707000000, 0x0000000706f00000| Complete 
| 104|0x0000000707000000, 0x0000000707100000, 0x0000000707100000|100%|HC|  |TAMS 0x0000000707100000, 0x0000000707000000| Complete 
| 105|0x0000000707100000, 0x0000000707200000, 0x0000000707200000|100%|HS|  |TAMS 0x0000000707200000, 0x0000000707100000| Complete 
| 106|0x0000000707200000, 0x0000000707300000, 0x0000000707300000|100%|HC|  |TAMS 0x0000000707300000, 0x0000000707200000| Complete 
| 107|0x0000000707300000, 0x0000000707400000, 0x0000000707400000|100%|HC|  |TAMS 0x0000000707400000, 0x0000000707300000| Complete 
| 108|0x0000000707400000, 0x0000000707500000, 0x0000000707500000|100%|HC|  |TAMS 0x0000000707500000, 0x0000000707400000| Complete 
| 109|0x0000000707500000, 0x0000000707600000, 0x0000000707600000|100%|HC|  |TAMS 0x0000000707600000, 0x0000000707500000| Complete 
| 110|0x0000000707600000, 0x0000000707700000, 0x0000000707700000|100%|HC|  |TAMS 0x0000000707700000, 0x0000000707600000| Complete 
| 111|0x0000000707700000, 0x0000000707800000, 0x0000000707800000|100%|HS|  |TAMS 0x0000000707700000, 0x0000000707700000| Complete 
| 112|0x0000000707800000, 0x0000000707900000, 0x0000000707900000|100%|HC|  |TAMS 0x0000000707800000, 0x0000000707800000| Complete 
| 113|0x0000000707900000, 0x0000000707a00000, 0x0000000707a00000|100%|HC|  |TAMS 0x0000000707900000, 0x0000000707900000| Complete 
| 114|0x0000000707a00000, 0x0000000707b00000, 0x0000000707b00000|100%|HC|  |TAMS 0x0000000707a00000, 0x0000000707a00000| Complete 
| 115|0x0000000707b00000, 0x0000000707c00000, 0x0000000707c00000|100%|HC|  |TAMS 0x0000000707b00000, 0x0000000707b00000| Complete 
| 116|0x0000000707c00000, 0x0000000707d00000, 0x0000000707d00000|100%|HC|  |TAMS 0x0000000707c00000, 0x0000000707c00000| Complete 
| 117|0x0000000707d00000, 0x0000000707d00000, 0x0000000707e00000|  0%| F|  |TAMS 0x0000000707d00000, 0x0000000707d00000| Untracked 
| 118|0x0000000707e00000, 0x0000000707e00000, 0x0000000707f00000|  0%| F|  |TAMS 0x0000000707e00000, 0x0000000707e00000| Untracked 
| 119|0x0000000707f00000, 0x0000000707f00000, 0x0000000708000000|  0%| F|  |TAMS 0x0000000707f00000, 0x0000000707f00000| Untracked 
| 120|0x0000000708000000, 0x0000000708000000, 0x0000000708100000|  0%| F|  |TAMS 0x0000000708000000, 0x0000000708000000| Untracked 
| 121|0x0000000708100000, 0x0000000708100000, 0x0000000708200000|  0%| F|  |TAMS 0x0000000708100000, 0x0000000708100000| Untracked 
| 122|0x0000000708200000, 0x0000000708200000, 0x0000000708300000|  0%| F|  |TAMS 0x0000000708200000, 0x0000000708200000| Untracked 
| 123|0x0000000708300000, 0x0000000708400000, 0x0000000708400000|100%|HS|  |TAMS 0x0000000708400000, 0x0000000708300000| Complete 
| 124|0x0000000708400000, 0x0000000708500000, 0x0000000708500000|100%|HC|  |TAMS 0x0000000708500000, 0x0000000708400000| Complete 
| 125|0x0000000708500000, 0x0000000708600000, 0x0000000708600000|100%|HC|  |TAMS 0x0000000708600000, 0x0000000708500000| Complete 
| 126|0x0000000708600000, 0x0000000708700000, 0x0000000708700000|100%|HC|  |TAMS 0x0000000708700000, 0x0000000708600000| Complete 
| 127|0x0000000708700000, 0x0000000708800000, 0x0000000708800000|100%|HC|  |TAMS 0x0000000708800000, 0x0000000708700000| Complete 
| 128|0x0000000708800000, 0x0000000708900000, 0x0000000708900000|100%|HC|  |TAMS 0x0000000708900000, 0x0000000708800000| Complete 
| 129|0x0000000708900000, 0x0000000708900000, 0x0000000708a00000|  0%| F|  |TAMS 0x0000000708900000, 0x0000000708900000| Untracked 
| 130|0x0000000708a00000, 0x0000000708a00000, 0x0000000708b00000|  0%| F|  |TAMS 0x0000000708a00000, 0x0000000708a00000| Untracked 
| 131|0x0000000708b00000, 0x0000000708b00000, 0x0000000708c00000|  0%| F|  |TAMS 0x0000000708b00000, 0x0000000708b00000| Untracked 
| 132|0x0000000708c00000, 0x0000000708c00000, 0x0000000708d00000|  0%| F|  |TAMS 0x0000000708c00000, 0x0000000708c00000| Untracked 
| 133|0x0000000708d00000, 0x0000000708d00000, 0x0000000708e00000|  0%| F|  |TAMS 0x0000000708d00000, 0x0000000708d00000| Untracked 
| 134|0x0000000708e00000, 0x0000000708e00000, 0x0000000708f00000|  0%| F|  |TAMS 0x0000000708e00000, 0x0000000708e00000| Untracked 
| 135|0x0000000708f00000, 0x0000000708f00000, 0x0000000709000000|  0%| F|  |TAMS 0x0000000708f00000, 0x0000000708f00000| Untracked 
| 136|0x0000000709000000, 0x0000000709000000, 0x0000000709100000|  0%| F|  |TAMS 0x0000000709000000, 0x0000000709000000| Untracked 
| 137|0x0000000709100000, 0x0000000709100000, 0x0000000709200000|  0%| F|  |TAMS 0x0000000709100000, 0x0000000709100000| Untracked 
| 138|0x0000000709200000, 0x0000000709200000, 0x0000000709300000|  0%| F|  |TAMS 0x0000000709200000, 0x0000000709200000| Untracked 
| 139|0x0000000709300000, 0x0000000709300000, 0x0000000709400000|  0%| F|  |TAMS 0x0000000709300000, 0x0000000709300000| Untracked 
| 140|0x0000000709400000, 0x0000000709400000, 0x0000000709500000|  0%| F|  |TAMS 0x0000000709400000, 0x0000000709400000| Untracked 
| 141|0x0000000709500000, 0x0000000709500000, 0x0000000709600000|  0%| F|  |TAMS 0x0000000709500000, 0x0000000709500000| Untracked 
| 142|0x0000000709600000, 0x0000000709600000, 0x0000000709700000|  0%| F|  |TAMS 0x0000000709600000, 0x0000000709600000| Untracked 
| 143|0x0000000709700000, 0x0000000709700000, 0x0000000709800000|  0%| F|  |TAMS 0x0000000709700000, 0x0000000709700000| Untracked 
| 144|0x0000000709800000, 0x0000000709800000, 0x0000000709900000|  0%| F|  |TAMS 0x0000000709800000, 0x0000000709800000| Untracked 
| 145|0x0000000709900000, 0x0000000709900000, 0x0000000709a00000|  0%| F|  |TAMS 0x0000000709900000, 0x0000000709900000| Untracked 
| 146|0x0000000709a00000, 0x0000000709a00000, 0x0000000709b00000|  0%| F|  |TAMS 0x0000000709a00000, 0x0000000709a00000| Untracked 
| 147|0x0000000709b00000, 0x0000000709b00000, 0x0000000709c00000|  0%| F|  |TAMS 0x0000000709b00000, 0x0000000709b00000| Untracked 
| 148|0x0000000709c00000, 0x0000000709c00000, 0x0000000709d00000|  0%| F|  |TAMS 0x0000000709c00000, 0x0000000709c00000| Untracked 
| 149|0x0000000709d00000, 0x0000000709d00000, 0x0000000709e00000|  0%| F|  |TAMS 0x0000000709d00000, 0x0000000709d00000| Untracked 
| 150|0x0000000709e00000, 0x0000000709e00000, 0x0000000709f00000|  0%| F|  |TAMS 0x0000000709e00000, 0x0000000709e00000| Untracked 
| 151|0x0000000709f00000, 0x0000000709f00000, 0x000000070a000000|  0%| F|  |TAMS 0x0000000709f00000, 0x0000000709f00000| Untracked 
| 152|0x000000070a000000, 0x000000070a000000, 0x000000070a100000|  0%| F|  |TAMS 0x000000070a000000, 0x000000070a000000| Untracked 
| 153|0x000000070a100000, 0x000000070a100000, 0x000000070a200000|  0%| F|  |TAMS 0x000000070a100000, 0x000000070a100000| Untracked 
| 154|0x000000070a200000, 0x000000070a200000, 0x000000070a300000|  0%| F|  |TAMS 0x000000070a200000, 0x000000070a200000| Untracked 
| 155|0x000000070a300000, 0x000000070a300000, 0x000000070a400000|  0%| F|  |TAMS 0x000000070a300000, 0x000000070a300000| Untracked 
| 156|0x000000070a400000, 0x000000070a400000, 0x000000070a500000|  0%| F|  |TAMS 0x000000070a400000, 0x000000070a400000| Untracked 
| 157|0x000000070a500000, 0x000000070a500000, 0x000000070a600000|  0%| F|  |TAMS 0x000000070a500000, 0x000000070a500000| Untracked 
| 158|0x000000070a600000, 0x000000070a600000, 0x000000070a700000|  0%| F|  |TAMS 0x000000070a600000, 0x000000070a600000| Untracked 
| 159|0x000000070a700000, 0x000000070a700000, 0x000000070a800000|  0%| F|  |TAMS 0x000000070a700000, 0x000000070a700000| Untracked 
| 160|0x000000070a800000, 0x000000070a800000, 0x000000070a900000|  0%| F|  |TAMS 0x000000070a800000, 0x000000070a800000| Untracked 
| 161|0x000000070a900000, 0x000000070a900000, 0x000000070aa00000|  0%| F|  |TAMS 0x000000070a900000, 0x000000070a900000| Untracked 
| 162|0x000000070aa00000, 0x000000070aa00000, 0x000000070ab00000|  0%| F|  |TAMS 0x000000070aa00000, 0x000000070aa00000| Untracked 
| 163|0x000000070ab00000, 0x000000070ab00000, 0x000000070ac00000|  0%| F|  |TAMS 0x000000070ab00000, 0x000000070ab00000| Untracked 
| 164|0x000000070ac00000, 0x000000070ac00000, 0x000000070ad00000|  0%| F|  |TAMS 0x000000070ac00000, 0x000000070ac00000| Untracked 
| 165|0x000000070ad00000, 0x000000070ad00000, 0x000000070ae00000|  0%| F|  |TAMS 0x000000070ad00000, 0x000000070ad00000| Untracked 
| 166|0x000000070ae00000, 0x000000070ae00000, 0x000000070af00000|  0%| F|  |TAMS 0x000000070ae00000, 0x000000070ae00000| Untracked 
| 167|0x000000070af00000, 0x000000070af00000, 0x000000070b000000|  0%| F|  |TAMS 0x000000070af00000, 0x000000070af00000| Untracked 
| 168|0x000000070b000000, 0x000000070b000000, 0x000000070b100000|  0%| F|  |TAMS 0x000000070b000000, 0x000000070b000000| Untracked 
| 169|0x000000070b100000, 0x000000070b100000, 0x000000070b200000|  0%| F|  |TAMS 0x000000070b100000, 0x000000070b100000| Untracked 
| 170|0x000000070b200000, 0x000000070b200000, 0x000000070b300000|  0%| F|  |TAMS 0x000000070b200000, 0x000000070b200000| Untracked 
| 171|0x000000070b300000, 0x000000070b300000, 0x000000070b400000|  0%| F|  |TAMS 0x000000070b300000, 0x000000070b300000| Untracked 
| 172|0x000000070b400000, 0x000000070b400000, 0x000000070b500000|  0%| F|  |TAMS 0x000000070b400000, 0x000000070b400000| Untracked 
| 173|0x000000070b500000, 0x000000070b500000, 0x000000070b600000|  0%| F|  |TAMS 0x000000070b500000, 0x000000070b500000| Untracked 
| 174|0x000000070b600000, 0x000000070b600000, 0x000000070b700000|  0%| F|  |TAMS 0x000000070b600000, 0x000000070b600000| Untracked 
| 175|0x000000070b700000, 0x000000070b700000, 0x000000070b800000|  0%| F|  |TAMS 0x000000070b700000, 0x000000070b700000| Untracked 
| 176|0x000000070b800000, 0x000000070b800000, 0x000000070b900000|  0%| F|  |TAMS 0x000000070b800000, 0x000000070b800000| Untracked 
| 177|0x000000070b900000, 0x000000070b900000, 0x000000070ba00000|  0%| F|  |TAMS 0x000000070b900000, 0x000000070b900000| Untracked 
| 178|0x000000070ba00000, 0x000000070ba00000, 0x000000070bb00000|  0%| F|  |TAMS 0x000000070ba00000, 0x000000070ba00000| Untracked 
| 179|0x000000070bb00000, 0x000000070bb00000, 0x000000070bc00000|  0%| F|  |TAMS 0x000000070bb00000, 0x000000070bb00000| Untracked 
| 180|0x000000070bc00000, 0x000000070bc00000, 0x000000070bd00000|  0%| F|  |TAMS 0x000000070bc00000, 0x000000070bc00000| Untracked 
| 181|0x000000070bd00000, 0x000000070bd00000, 0x000000070be00000|  0%| F|  |TAMS 0x000000070bd00000, 0x000000070bd00000| Untracked 
| 182|0x000000070be00000, 0x000000070be00000, 0x000000070bf00000|  0%| F|  |TAMS 0x000000070be00000, 0x000000070be00000| Untracked 
| 183|0x000000070bf00000, 0x000000070bf00000, 0x000000070c000000|  0%| F|  |TAMS 0x000000070bf00000, 0x000000070bf00000| Untracked 
| 184|0x000000070c000000, 0x000000070c000000, 0x000000070c100000|  0%| F|  |TAMS 0x000000070c000000, 0x000000070c000000| Untracked 
| 185|0x000000070c100000, 0x000000070c100000, 0x000000070c200000|  0%| F|  |TAMS 0x000000070c100000, 0x000000070c100000| Untracked 
| 186|0x000000070c200000, 0x000000070c200000, 0x000000070c300000|  0%| F|  |TAMS 0x000000070c200000, 0x000000070c200000| Untracked 
| 187|0x000000070c300000, 0x000000070c300000, 0x000000070c400000|  0%| F|  |TAMS 0x000000070c300000, 0x000000070c300000| Untracked 
| 188|0x000000070c400000, 0x000000070c400000, 0x000000070c500000|  0%| F|  |TAMS 0x000000070c400000, 0x000000070c400000| Untracked 
| 189|0x000000070c500000, 0x000000070c500000, 0x000000070c600000|  0%| F|  |TAMS 0x000000070c500000, 0x000000070c500000| Untracked 
| 190|0x000000070c600000, 0x000000070c600000, 0x000000070c700000|  0%| F|  |TAMS 0x000000070c600000, 0x000000070c600000| Untracked 
| 191|0x000000070c700000, 0x000000070c700000, 0x000000070c800000|  0%| F|  |TAMS 0x000000070c700000, 0x000000070c700000| Untracked 
| 192|0x000000070c800000, 0x000000070c800000, 0x000000070c900000|  0%| F|  |TAMS 0x000000070c800000, 0x000000070c800000| Untracked 
| 193|0x000000070c900000, 0x000000070c900000, 0x000000070ca00000|  0%| F|  |TAMS 0x000000070c900000, 0x000000070c900000| Untracked 
| 194|0x000000070ca00000, 0x000000070ca00000, 0x000000070cb00000|  0%| F|  |TAMS 0x000000070ca00000, 0x000000070ca00000| Untracked 
| 195|0x000000070cb00000, 0x000000070cb00000, 0x000000070cc00000|  0%| F|  |TAMS 0x000000070cb00000, 0x000000070cb00000| Untracked 
| 196|0x000000070cc00000, 0x000000070cc00000, 0x000000070cd00000|  0%| F|  |TAMS 0x000000070cc00000, 0x000000070cc00000| Untracked 
| 197|0x000000070cd00000, 0x000000070cd00000, 0x000000070ce00000|  0%| F|  |TAMS 0x000000070cd00000, 0x000000070cd00000| Untracked 
| 198|0x000000070ce00000, 0x000000070ce00000, 0x000000070cf00000|  0%| F|  |TAMS 0x000000070ce00000, 0x000000070ce00000| Untracked 
| 199|0x000000070cf00000, 0x000000070cf00000, 0x000000070d000000|  0%| F|  |TAMS 0x000000070cf00000, 0x000000070cf00000| Untracked 
| 200|0x000000070d000000, 0x000000070d000000, 0x000000070d100000|  0%| F|  |TAMS 0x000000070d000000, 0x000000070d000000| Untracked 
| 201|0x000000070d100000, 0x000000070d100000, 0x000000070d200000|  0%| F|  |TAMS 0x000000070d100000, 0x000000070d100000| Untracked 
| 202|0x000000070d200000, 0x000000070d200000, 0x000000070d300000|  0%| F|  |TAMS 0x000000070d200000, 0x000000070d200000| Untracked 
| 203|0x000000070d300000, 0x000000070d300000, 0x000000070d400000|  0%| F|  |TAMS 0x000000070d300000, 0x000000070d300000| Untracked 
| 204|0x000000070d400000, 0x000000070d400000, 0x000000070d500000|  0%| F|  |TAMS 0x000000070d400000, 0x000000070d400000| Untracked 
| 205|0x000000070d500000, 0x000000070d500000, 0x000000070d600000|  0%| F|  |TAMS 0x000000070d500000, 0x000000070d500000| Untracked 
| 206|0x000000070d600000, 0x000000070d600000, 0x000000070d700000|  0%| F|  |TAMS 0x000000070d600000, 0x000000070d600000| Untracked 
| 207|0x000000070d700000, 0x000000070d700000, 0x000000070d800000|  0%| F|  |TAMS 0x000000070d700000, 0x000000070d700000| Untracked 
| 208|0x000000070d800000, 0x000000070d800000, 0x000000070d900000|  0%| F|  |TAMS 0x000000070d800000, 0x000000070d800000| Untracked 
| 209|0x000000070d900000, 0x000000070d900000, 0x000000070da00000|  0%| F|  |TAMS 0x000000070d900000, 0x000000070d900000| Untracked 
| 210|0x000000070da00000, 0x000000070da00000, 0x000000070db00000|  0%| F|  |TAMS 0x000000070da00000, 0x000000070da00000| Untracked 
| 211|0x000000070db00000, 0x000000070db00000, 0x000000070dc00000|  0%| F|  |TAMS 0x000000070db00000, 0x000000070db00000| Untracked 
| 212|0x000000070dc00000, 0x000000070dc00000, 0x000000070dd00000|  0%| F|  |TAMS 0x000000070dc00000, 0x000000070dc00000| Untracked 
| 213|0x000000070dd00000, 0x000000070dd00000, 0x000000070de00000|  0%| F|  |TAMS 0x000000070dd00000, 0x000000070dd00000| Untracked 
| 214|0x000000070de00000, 0x000000070de00000, 0x000000070df00000|  0%| F|  |TAMS 0x000000070de00000, 0x000000070de00000| Untracked 
| 215|0x000000070df00000, 0x000000070df00000, 0x000000070e000000|  0%| F|  |TAMS 0x000000070df00000, 0x000000070df00000| Untracked 
| 216|0x000000070e000000, 0x000000070e000000, 0x000000070e100000|  0%| F|  |TAMS 0x000000070e000000, 0x000000070e000000| Untracked 
| 217|0x000000070e100000, 0x000000070e100000, 0x000000070e200000|  0%| F|  |TAMS 0x000000070e100000, 0x000000070e100000| Untracked 
| 218|0x000000070e200000, 0x000000070e200000, 0x000000070e300000|  0%| F|  |TAMS 0x000000070e200000, 0x000000070e200000| Untracked 
| 219|0x000000070e300000, 0x000000070e300000, 0x000000070e400000|  0%| F|  |TAMS 0x000000070e300000, 0x000000070e300000| Untracked 
| 220|0x000000070e400000, 0x000000070e400000, 0x000000070e500000|  0%| F|  |TAMS 0x000000070e400000, 0x000000070e400000| Untracked 
| 221|0x000000070e500000, 0x000000070e500000, 0x000000070e600000|  0%| F|  |TAMS 0x000000070e500000, 0x000000070e500000| Untracked 
| 222|0x000000070e600000, 0x000000070e600000, 0x000000070e700000|  0%| F|  |TAMS 0x000000070e600000, 0x000000070e600000| Untracked 
| 223|0x000000070e700000, 0x000000070e700000, 0x000000070e800000|  0%| F|  |TAMS 0x000000070e700000, 0x000000070e700000| Untracked 
| 224|0x000000070e800000, 0x000000070e800000, 0x000000070e900000|  0%| F|  |TAMS 0x000000070e800000, 0x000000070e800000| Untracked 
| 225|0x000000070e900000, 0x000000070e900000, 0x000000070ea00000|  0%| F|  |TAMS 0x000000070e900000, 0x000000070e900000| Untracked 
| 226|0x000000070ea00000, 0x000000070ea00000, 0x000000070eb00000|  0%| F|  |TAMS 0x000000070ea00000, 0x000000070ea00000| Untracked 
| 227|0x000000070eb00000, 0x000000070eb00000, 0x000000070ec00000|  0%| F|  |TAMS 0x000000070eb00000, 0x000000070eb00000| Untracked 
| 228|0x000000070ec00000, 0x000000070ec00000, 0x000000070ed00000|  0%| F|  |TAMS 0x000000070ec00000, 0x000000070ec00000| Untracked 
| 229|0x000000070ed00000, 0x000000070ed00000, 0x000000070ee00000|  0%| F|  |TAMS 0x000000070ed00000, 0x000000070ed00000| Untracked 
| 230|0x000000070ee00000, 0x000000070ee00000, 0x000000070ef00000|  0%| F|  |TAMS 0x000000070ee00000, 0x000000070ee00000| Untracked 
| 231|0x000000070ef00000, 0x000000070ef00000, 0x000000070f000000|  0%| F|  |TAMS 0x000000070ef00000, 0x000000070ef00000| Untracked 
| 232|0x000000070f000000, 0x000000070f03f9c0, 0x000000070f100000| 24%| S|CS|TAMS 0x000000070f000000, 0x000000070f000000| Complete 
| 233|0x000000070f100000, 0x000000070f200000, 0x000000070f200000|100%| S|CS|TAMS 0x000000070f100000, 0x000000070f100000| Complete 
| 234|0x000000070f200000, 0x000000070f300000, 0x000000070f300000|100%| S|CS|TAMS 0x000000070f200000, 0x000000070f200000| Complete 
| 235|0x000000070f300000, 0x000000070f400000, 0x000000070f400000|100%| S|CS|TAMS 0x000000070f300000, 0x000000070f300000| Complete 
| 236|0x000000070f400000, 0x000000070f500000, 0x000000070f500000|100%| S|CS|TAMS 0x000000070f400000, 0x000000070f400000| Complete 
| 237|0x000000070f500000, 0x000000070f600000, 0x000000070f600000|100%| S|CS|TAMS 0x000000070f500000, 0x000000070f500000| Complete 
| 238|0x000000070f600000, 0x000000070f700000, 0x000000070f700000|100%| S|CS|TAMS 0x000000070f600000, 0x000000070f600000| Complete 
| 239|0x000000070f700000, 0x000000070f800000, 0x000000070f800000|100%| S|CS|TAMS 0x000000070f700000, 0x000000070f700000| Complete 
| 240|0x000000070f800000, 0x000000070f800000, 0x000000070f900000|  0%| F|  |TAMS 0x000000070f800000, 0x000000070f800000| Untracked 
| 241|0x000000070f900000, 0x000000070f900000, 0x000000070fa00000|  0%| F|  |TAMS 0x000000070f900000, 0x000000070f900000| Untracked 
| 242|0x000000070fa00000, 0x000000070fa00000, 0x000000070fb00000|  0%| F|  |TAMS 0x000000070fa00000, 0x000000070fa00000| Untracked 
| 243|0x000000070fb00000, 0x000000070fb00000, 0x000000070fc00000|  0%| F|  |TAMS 0x000000070fb00000, 0x000000070fb00000| Untracked 
| 244|0x000000070fc00000, 0x000000070fc00000, 0x000000070fd00000|  0%| F|  |TAMS 0x000000070fc00000, 0x000000070fc00000| Untracked 
| 245|0x000000070fd00000, 0x000000070fd00000, 0x000000070fe00000|  0%| F|  |TAMS 0x000000070fd00000, 0x000000070fd00000| Untracked 
| 246|0x000000070fe00000, 0x000000070fe00000, 0x000000070ff00000|  0%| F|  |TAMS 0x000000070fe00000, 0x000000070fe00000| Untracked 
| 247|0x000000070ff00000, 0x000000070ff00000, 0x0000000710000000|  0%| F|  |TAMS 0x000000070ff00000, 0x000000070ff00000| Untracked 
| 248|0x0000000710000000, 0x0000000710000000, 0x0000000710100000|  0%| F|  |TAMS 0x0000000710000000, 0x0000000710000000| Untracked 
| 249|0x0000000710100000, 0x0000000710100000, 0x0000000710200000|  0%| F|  |TAMS 0x0000000710100000, 0x0000000710100000| Untracked 
| 250|0x0000000710200000, 0x0000000710200000, 0x0000000710300000|  0%| F|  |TAMS 0x0000000710200000, 0x0000000710200000| Untracked 
| 251|0x0000000710300000, 0x0000000710300000, 0x0000000710400000|  0%| F|  |TAMS 0x0000000710300000, 0x0000000710300000| Untracked 
| 252|0x0000000710400000, 0x0000000710400000, 0x0000000710500000|  0%| F|  |TAMS 0x0000000710400000, 0x0000000710400000| Untracked 
| 253|0x0000000710500000, 0x00000007105b89c0, 0x0000000710600000| 72%| E|  |TAMS 0x0000000710500000, 0x0000000710500000| Complete 
| 254|0x0000000710600000, 0x0000000710700000, 0x0000000710700000|100%| E|CS|TAMS 0x0000000710600000, 0x0000000710600000| Complete 
| 255|0x0000000710700000, 0x0000000710800000, 0x0000000710800000|100%| E|CS|TAMS 0x0000000710700000, 0x0000000710700000| Complete 

Card table byte_map: [0x00000252f4700000,0x00000252f4f00000] _byte_map_base: 0x00000252f0efc000

Marking Bits (Prev, Next): (CMBitMap*) 0x00000252eb908b10, (CMBitMap*) 0x00000252eb908ad8
 Prev Bits: [0x00000252f96e0000, 0x00000252fd6c0000)
 Next Bits: [0x00000252f5700000, 0x00000252f96e0000)

Polling page: 0x00000252e97f0000

Metaspace:

Usage:
  Non-class:     17.82 MB capacity,    17.50 MB ( 98%) used,   267.15 KB (  1%) free+waste,    58.31 KB ( <1%) overhead. 
      Class:      2.18 MB capacity,     1.94 MB ( 89%) used,   215.98 KB ( 10%) free+waste,    29.94 KB (  1%) overhead. 
       Both:     20.00 MB capacity,    19.44 MB ( 97%) used,   483.13 KB (  2%) free+waste,    88.25 KB ( <1%) overhead. 

Virtual space:
  Non-class space:       18.00 MB reserved,      18.00 MB (100%) committed 
      Class space:        1.00 GB reserved,       2.25 MB ( <1%) committed 
             Both:        1.02 GB reserved,      20.25 MB (  2%) committed 

Chunk freelists:
   Non-Class:  7.25 KB
       Class:  640 bytes
        Both:  7.88 KB

CodeHeap 'non-profiled nmethods': size=120000Kb used=2591Kb max_used=2591Kb free=117408Kb
 bounds [0x0000025287ad0000, 0x0000025287d60000, 0x000002528f000000]
CodeHeap 'profiled nmethods': size=120000Kb used=6956Kb max_used=6956Kb free=113044Kb
 bounds [0x00000252805a0000, 0x0000025280c70000, 0x0000025287ad0000]
CodeHeap 'non-nmethods': size=5760Kb used=1271Kb max_used=1295Kb free=4488Kb
 bounds [0x0000025280000000, 0x0000025280270000, 0x00000252805a0000]
 total_blobs=4866 nmethods=3205 adapters=563
 compilation: enabled
              stopped_count=0, restarted_count=0
 full_count=0

Compilation events (10 events):
Event: 118.663 Thread 0x000002528fc11000 3202   !   3       com.sun.media.sound.DirectAudioDevice$DirectDL::write (300 bytes)
Event: 118.664 Thread 0x000002528fc11000 nmethod 3202 0x0000025280c68390 code [0x0000025280c68640, 0x0000025280c69890]
Event: 118.676 Thread 0x000002528fc11000 3203       3       javax.swing.JComponent::processMouseMotionEvent (46 bytes)
Event: 118.676 Thread 0x000002528fc11000 nmethod 3203 0x0000025280c69e10 code [0x0000025280c6a000, 0x0000025280c6a3d0]
Event: 118.676 Thread 0x000002528fc11000 3204       3       java.awt.Component::processMouseMotionEvent (58 bytes)
Event: 118.676 Thread 0x000002528fc11000 nmethod 3204 0x0000025280c6a510 code [0x0000025280c6a6e0, 0x0000025280c6ab60]
Event: 118.681 Thread 0x000002528fc11000 3205       3       javax.swing.plaf.basic.BasicButtonListener::mouseMoved (1 bytes)
Event: 118.681 Thread 0x000002528fc11000 nmethod 3205 0x0000025280c6ac90 code [0x0000025280c6ae40, 0x0000025280c6af98]
Event: 118.688 Thread 0x000002528fc0c800 3206       4       sun.awt.SunToolkit::getSystemEventQueueImpl (4 bytes)
Event: 118.689 Thread 0x000002528fc0c800 nmethod 3206 0x0000025287d57b10 code [0x0000025287d57cc0, 0x0000025287d57de8]

GC Heap History (10 events):
Event: 53.377 GC heap before
{Heap before GC invocations=1 (full 0):
 garbage-first heap   total 262144K, used 221612K [0x0000000700800000, 0x0000000800000000)
  region size 1024K, 108 young (110592K), 3 survivors (3072K)
 Metaspace       used 19008K, capacity 19481K, committed 19584K, reserved 1067008K
  class space    used 1916K, capacity 2140K, committed 2176K, reserved 1048576K
}
Event: 53.384 GC heap after
{Heap after GC invocations=2 (full 0):
 garbage-first heap   total 262144K, used 110590K [0x0000000700800000, 0x0000000800000000)
  region size 1024K, 8 young (8192K), 8 survivors (8192K)
 Metaspace       used 19008K, capacity 19481K, committed 19584K, reserved 1067008K
  class space    used 1916K, capacity 2140K, committed 2176K, reserved 1048576K
}
Event: 77.599 GC heap before
{Heap before GC invocations=3 (full 0):
 garbage-first heap   total 262144K, used 164862K [0x0000000700800000, 0x0000000800000000)
  region size 1024K, 48 young (49152K), 8 survivors (8192K)
 Metaspace       used 19134K, capacity 19549K, committed 19840K, reserved 1067008K
  class space    used 1916K, capacity 2140K, committed 2176K, reserved 1048576K
}
Event: 77.606 GC heap after
{Heap after GC invocations=4 (full 0):
 garbage-first heap   total 262144K, used 126516K [0x0000000700800000, 0x0000000800000000)
  region size 1024K, 8 young (8192K), 8 survivors (8192K)
 Metaspace       used 19134K, capacity 19549K, committed 19840K, reserved 1067008K
  class space    used 1916K, capacity 2140K, committed 2176K, reserved 1048576K
}
Event: 89.523 GC heap before
{Heap before GC invocations=5 (full 0):
 garbage-first heap   total 262144K, used 141876K [0x0000000700800000, 0x0000000800000000)
  region size 1024K, 18 young (18432K), 8 survivors (8192K)
 Metaspace       used 19631K, capacity 20125K, committed 20224K, reserved 1067008K
  class space    used 1978K, capacity 2229K, committed 2304K, reserved 1048576K
}
Event: 89.528 GC heap after
{Heap after GC invocations=6 (full 0):
 garbage-first heap   total 262144K, used 120164K [0x0000000700800000, 0x0000000800000000)
  region size 1024K, 6 young (6144K), 6 survivors (6144K)
 Metaspace       used 19631K, capacity 20125K, committed 20224K, reserved 1067008K
  class space    used 1978K, capacity 2229K, committed 2304K, reserved 1048576K
}
Event: 105.087 GC heap before
{Heap before GC invocations=7 (full 0):
 garbage-first heap   total 262144K, used 163172K [0x0000000700800000, 0x0000000800000000)
  region size 1024K, 48 young (49152K), 6 survivors (6144K)
 Metaspace       used 19670K, capacity 20189K, committed 20480K, reserved 1067008K
  class space    used 1978K, capacity 2229K, committed 2304K, reserved 1048576K
}
Event: 105.089 GC heap after
{Heap after GC invocations=8 (full 0):
 garbage-first heap   total 262144K, used 115607K [0x0000000700800000, 0x0000000800000000)
  region size 1024K, 6 young (6144K), 6 survivors (6144K)
 Metaspace       used 19670K, capacity 20189K, committed 20480K, reserved 1067008K
  class space    used 1978K, capacity 2229K, committed 2304K, reserved 1048576K
}
Event: 117.626 GC heap before
{Heap before GC invocations=9 (full 0):
 garbage-first heap   total 262144K, used 139159K [0x0000000700800000, 0x0000000800000000)
  region size 1024K, 22 young (22528K), 6 survivors (6144K)
 Metaspace       used 19893K, capacity 20417K, committed 20736K, reserved 1067008K
  class space    used 1988K, capacity 2235K, committed 2304K, reserved 1048576K
}
Event: 117.629 GC heap after
{Heap after GC invocations=10 (full 0):
 garbage-first heap   total 262144K, used 124351K [0x0000000700800000, 0x0000000800000000)
  region size 1024K, 8 young (8192K), 8 survivors (8192K)
 Metaspace       used 19893K, capacity 20417K, committed 20736K, reserved 1067008K
  class space    used 1988K, capacity 2235K, committed 2304K, reserved 1048576K
}

Deoptimization events (10 events):
Event: 105.267 Thread 0x0000025291655800 Uncommon trap: reason=unstable_if action=reinterpret pc=0x0000025287cab020 method=java.awt.geom.AffineTransform.updateState()V @ 95 c2
Event: 105.267 Thread 0x0000025291655800 Uncommon trap: reason=unstable_if action=reinterpret pc=0x0000025287ce44bc method=sun.font.CompositeStrike.getStrikeForSlot(I)Lsun/font/PhysicalStrike; @ 19 c2
Event: 105.267 Thread 0x0000025291655800 Uncommon trap: reason=unstable_if action=reinterpret pc=0x0000025287ca9520 method=sun.font.FileFontStrike.getCachedGlyphPtrInternal(I)J @ 4 c2
Event: 105.268 Thread 0x0000025291655800 Uncommon trap: reason=unstable_if action=reinterpret pc=0x0000025287c751b8 method=sun.font.FileFontStrike.getCachedGlyphPtrInternal(I)J @ 99 c2
Event: 108.627 Thread 0x0000025291655800 Uncommon trap: reason=class_check action=maybe_recompile pc=0x0000025287d51f34 method=jdk.internal.misc.Unsafe.allocateUninitializedArray(Ljava/lang/Class;I)Ljava/lang/Object; @ 48 c2
Event: 108.627 Thread 0x0000025291655800 Uncommon trap: reason=class_check action=maybe_recompile pc=0x0000025287d51f34 method=jdk.internal.misc.Unsafe.allocateUninitializedArray(Ljava/lang/Class;I)Ljava/lang/Object; @ 48 c2
Event: 108.670 Thread 0x0000025291655800 Uncommon trap: reason=class_check action=maybe_recompile pc=0x0000025287d51f34 method=jdk.internal.misc.Unsafe.allocateUninitializedArray(Ljava/lang/Class;I)Ljava/lang/Object; @ 48 c2
Event: 108.670 Thread 0x0000025291655800 Uncommon trap: reason=class_check action=maybe_recompile pc=0x0000025287d51f34 method=jdk.internal.misc.Unsafe.allocateUninitializedArray(Ljava/lang/Class;I)Ljava/lang/Object; @ 48 c2
Event: 117.157 Thread 0x0000025291655800 Uncommon trap: reason=predicate action=maybe_recompile pc=0x0000025287d43080 method=java.util.ArrayList.indexOfRange(Ljava/lang/Object;II)I @ 45 c2
Event: 117.285 Thread 0x00000252922a8000 Uncommon trap: reason=class_check action=make_not_entrant pc=0x0000025287d5676c method=java.util.ArrayList.toArray([Ljava/lang/Object;)[Ljava/lang/Object; @ 21 c2

Classes redefined (0 events):
No events

Internal exceptions (10 events):
Event: 6.907 Thread 0x00000252eb8a8800 Exception <a 'java/lang/NoSuchMethodError'{0x000000070cc68828}: java.lang.invoke.DirectMethodHandle$Holder.invokeVirtual(Ljava/lang/Object;Ljava/lang/Object;Ljava/lang/Object;)I> (0x000000070cc68828) thrown at [t:/workspace/open/src/hotspot/share/interpre
Event: 38.451 Thread 0x0000025291655800 Implicit null exception at 0x0000025287c23cfd to 0x0000025287c24042
Event: 53.440 Thread 0x0000025291655800 Implicit null exception at 0x0000025287c9936c to 0x0000025287c9aed6
Event: 83.246 Thread 0x0000025291655800 Exception <a 'java/lang/NoSuchMethodError'{0x00000007103f7890}: java.lang.invoke.DelegatingMethodHandle$Holder.reinvoke_L(Ljava/lang/Object;Ljava/lang/Object;IILjava/lang/Object;IIIII)Ljava/lang/Object;> (0x00000007103f7890) thrown at [t:/workspace/open/s
Event: 83.249 Thread 0x0000025291655800 Exception <a 'java/lang/NoSuchMethodError'{0x00000007102535c8}: java.lang.invoke.DirectMethodHandle$Holder.invokeSpecial(Ljava/lang/Object;Ljava/lang/Object;IIILjava/lang/Object;IIIII)Ljava/lang/Object;> (0x00000007102535c8) thrown at [t:/workspace/open/s
Event: 83.249 Thread 0x0000025291655800 Exception <a 'java/lang/NoSuchMethodError'{0x0000000710256ef0}: java.lang.invoke.DelegatingMethodHandle$Holder.reinvoke_L(Ljava/lang/Object;IIILjava/lang/Object;IIIII)Ljava/lang/Object;> (0x0000000710256ef0) thrown at [t:/workspace/open/src/hotspot/share/
Event: 83.250 Thread 0x0000025291655800 Exception <a 'java/lang/NoSuchMethodError'{0x000000071025e660}: java.lang.invoke.DirectMethodHandle$Holder.invokeStatic(Ljava/lang/Object;Ljava/lang/Object;Ljava/lang/Object;Ljava/lang/Object;Ljava/lang/Object;I)Ljava/lang/Object;> (0x000000071025e660) th
Event: 83.251 Thread 0x0000025291655800 Exception <a 'java/lang/NoSuchMethodError'{0x00000007102934d0}: java.lang.invoke.DirectMethodHandle$Holder.invokeSpecial(Ljava/lang/Object;Ljava/lang/Object;Ljava/lang/Object;IIIII)Ljava/lang/Object;> (0x00000007102934d0) thrown at [t:/workspace/open/src/
Event: 105.267 Thread 0x0000025291655800 Implicit null exception at 0x0000025287ce1981 to 0x0000025287ce449a
Event: 105.268 Thread 0x0000025291655800 Implicit null exception at 0x0000025287c750fc to 0x0000025287c7519a

Events (10 events):
Event: 119.123 Thread 0x0000025291dab800 Thread added: 0x0000025291dab800
Event: 119.123 Thread 0x0000025291daf000 Thread exited: 0x0000025291daf000
Event: 119.124 Executing VM operation: RevokeBias
Event: 119.125 Executing VM operation: RevokeBias done
Event: 119.125 Thread 0x00000252922a8000 Thread exited: 0x00000252922a8000
Event: 119.166 Executing VM operation: RevokeBias
Event: 119.166 Executing VM operation: RevokeBias done
Event: 119.166 Thread 0x0000025290273000 Thread exited: 0x0000025290273000
Event: 119.225 Thread 0x0000025291dab800 Thread exited: 0x0000025291dab800
Event: 119.226 Executing VM operation: Exit


Dynamic libraries:
0x00007ff722fb0000 - 0x00007ff722ff7000 	C:\Program Files\Java\jdk-11.0.1\bin\java.exe
0x00007ffbe1080000 - 0x00007ffbe1261000 	C:\WINDOWS\SYSTEM32\ntdll.dll
0x00007ffbb6cc0000 - 0x00007ffbb6cd2000 	C:\Program Files (x86)\AVG\Antivirus\aswhook.dll
0x00007ffbdeed0000 - 0x00007ffbdef82000 	C:\WINDOWS\System32\KERNEL32.DLL
0x00007ffbdd4d0000 - 0x00007ffbdd743000 	C:\WINDOWS\System32\KERNELBASE.dll
0x00007ffbde6b0000 - 0x00007ffbde751000 	C:\WINDOWS\System32\ADVAPI32.dll
0x00007ffbdf010000 - 0x00007ffbdf0ae000 	C:\WINDOWS\System32\msvcrt.dll
0x00007ffbdfa60000 - 0x00007ffbdfabb000 	C:\WINDOWS\System32\sechost.dll
0x00007ffbde510000 - 0x00007ffbde634000 	C:\WINDOWS\System32\RPCRT4.dll
0x00007ffbdf0b0000 - 0x00007ffbdf240000 	C:\WINDOWS\System32\USER32.dll
0x00007ffbddeb0000 - 0x00007ffbdded0000 	C:\WINDOWS\System32\win32u.dll
0x00007ffbdee30000 - 0x00007ffbdee58000 	C:\WINDOWS\System32\GDI32.dll
0x00007ffbddf70000 - 0x00007ffbde102000 	C:\WINDOWS\System32\gdi32full.dll
0x00007ffbdded0000 - 0x00007ffbddf6f000 	C:\WINDOWS\System32\msvcp_win.dll
0x00007ffbde1c0000 - 0x00007ffbde2b8000 	C:\WINDOWS\System32\ucrtbase.dll
0x00007ffbc8470000 - 0x00007ffbc86d9000 	C:\WINDOWS\WinSxS\amd64_microsoft.windows.common-controls_6595b64144ccf1df_6.0.17134.648_none_fb45a0e93062a6d2\COMCTL32.dll
0x00007ffbdea50000 - 0x00007ffbded72000 	C:\WINDOWS\System32\combase.dll
0x00007ffbdd450000 - 0x00007ffbdd4ca000 	C:\WINDOWS\System32\bcryptPrimitives.dll
0x00007ffbd8120000 - 0x00007ffbd812a000 	C:\WINDOWS\SYSTEM32\VERSION.dll
0x00007ffbdf260000 - 0x00007ffbdf28d000 	C:\WINDOWS\System32\IMM32.DLL
0x00007ffbcf360000 - 0x00007ffbcf376000 	C:\Program Files\Java\jdk-11.0.1\bin\vcruntime140.dll
0x00007ffbc3e50000 - 0x00007ffbc3efa000 	C:\Program Files\Java\jdk-11.0.1\bin\msvcp140.dll
0x00007ffb94a10000 - 0x00007ffb95552000 	C:\Program Files\Java\jdk-11.0.1\bin\server\jvm.dll
0x00007ffbdea40000 - 0x00007ffbdea48000 	C:\WINDOWS\System32\PSAPI.DLL
0x00007ffbd40e0000 - 0x00007ffbd40e9000 	C:\WINDOWS\SYSTEM32\WSOCK32.dll
0x00007ffbdee60000 - 0x00007ffbdeecc000 	C:\WINDOWS\System32\WS2_32.dll
0x00007ffbdb5f0000 - 0x00007ffbdb613000 	C:\WINDOWS\SYSTEM32\WINMM.dll
0x00007ffbdb4d0000 - 0x00007ffbdb4fa000 	C:\WINDOWS\SYSTEM32\WINMMBASE.dll
0x00007ffbdd750000 - 0x00007ffbdd799000 	C:\WINDOWS\System32\cfgmgr32.dll
0x00007ffbdd3c0000 - 0x00007ffbdd3d1000 	C:\WINDOWS\System32\kernel.appcore.dll
0x00007ffbcdc10000 - 0x00007ffbcdc21000 	C:\Program Files\Java\jdk-11.0.1\bin\verify.dll
0x00007ffbd21c0000 - 0x00007ffbd2389000 	C:\WINDOWS\SYSTEM32\DBGHELP.DLL
0x00007ffbd2130000 - 0x00007ffbd2159000 	C:\WINDOWS\SYSTEM32\dbgcore.DLL
0x00007ffbcd500000 - 0x00007ffbcd529000 	C:\Program Files\Java\jdk-11.0.1\bin\java.dll
0x00007ffbc2990000 - 0x00007ffbc29bf000 	C:\Program Files\Java\jdk-11.0.1\bin\instrument.dll
0x00007ffbcd790000 - 0x00007ffbcd7a6000 	C:\Program Files\Java\jdk-11.0.1\bin\zip.dll
0x00007ffbd8000000 - 0x00007ffbd800a000 	C:\Program Files\Java\jdk-11.0.1\bin\jimage.dll
0x00007ffbdfb20000 - 0x00007ffbe0f60000 	C:\WINDOWS\System32\SHELL32.dll
0x00007ffbded80000 - 0x00007ffbdee29000 	C:\WINDOWS\System32\shcore.dll
0x00007ffbdd7a0000 - 0x00007ffbddead000 	C:\WINDOWS\System32\windows.storage.dll
0x00007ffbdfac0000 - 0x00007ffbdfb11000 	C:\WINDOWS\System32\shlwapi.dll
0x00007ffbdd3a0000 - 0x00007ffbdd3bf000 	C:\WINDOWS\System32\profapi.dll
0x00007ffbdd3e0000 - 0x00007ffbdd42c000 	C:\WINDOWS\System32\powrprof.dll
0x00007ffbdd390000 - 0x00007ffbdd39a000 	C:\WINDOWS\System32\FLTLIB.DLL
0x00007ffbca060000 - 0x00007ffbca079000 	C:\Program Files\Java\jdk-11.0.1\bin\net.dll
0x00007ffbd7250000 - 0x00007ffbd732d000 	C:\WINDOWS\SYSTEM32\WINHTTP.dll
0x00007ffbdcc10000 - 0x00007ffbdcc76000 	C:\WINDOWS\system32\mswsock.dll
0x00007ffbc8360000 - 0x00007ffbc8373000 	C:\Program Files\Java\jdk-11.0.1\bin\nio.dll
0x00007ffbc3df0000 - 0x00007ffbc3e0a000 	C:\Program Files\JetBrains\IntelliJ IDEA 2018.2.6\bin\breakgen64.dll
0x00007ffb9e8f0000 - 0x00007ffb9ea8f000 	C:\Program Files\Java\jdk-11.0.1\bin\awt.dll
0x00007ffbdf740000 - 0x00007ffbdf803000 	C:\WINDOWS\System32\OLEAUT32.dll
0x00007ffbda940000 - 0x00007ffbdaf07000 	C:\WINDOWS\SYSTEM32\d2d1.dll
0x00007ffbdb710000 - 0x00007ffbdb79b000 	C:\WINDOWS\SYSTEM32\apphelp.dll
0x00007ffbdb8c0000 - 0x00007ffbdb958000 	C:\WINDOWS\system32\uxtheme.dll
0x00007ffbde760000 - 0x00007ffbde8d3000 	C:\WINDOWS\System32\MSCTF.dll
0x00007ffbdbd90000 - 0x00007ffbdbdb9000 	C:\WINDOWS\system32\dwmapi.dll
0x00007ffbde8e0000 - 0x00007ffbdea31000 	C:\WINDOWS\System32\ole32.dll
0x00007ffbc2970000 - 0x00007ffbc2982000 	C:\Program Files\Java\jdk-11.0.1\bin\jsound.dll
0x00007ffba1040000 - 0x00007ffba10cf000 	C:\WINDOWS\SYSTEM32\DSOUND.dll
0x00007ffbdf820000 - 0x00007ffbdf8c0000 	C:\WINDOWS\System32\clbcatq.dll
0x00007ffbd77b0000 - 0x00007ffbd7826000 	C:\WINDOWS\System32\MMDevApi.dll
0x00007ffbdd1a0000 - 0x00007ffbdd1c7000 	C:\WINDOWS\System32\DEVOBJ.dll
0x00007ffbd9ba0000 - 0x00007ffbd9d54000 	C:\WINDOWS\System32\PROPSYS.dll
0x00007ffbc28f0000 - 0x00007ffbc2934000 	C:\WINDOWS\SYSTEM32\wdmaud.drv
0x00007ffbd9f70000 - 0x00007ffbd9f79000 	C:\WINDOWS\SYSTEM32\ksuser.dll
0x00007ffbd9040000 - 0x00007ffbd904a000 	C:\WINDOWS\SYSTEM32\AVRT.dll
0x00007ffba3790000 - 0x00007ffba38bc000 	C:\WINDOWS\SYSTEM32\AUDIOSES.DLL
0x00007ffbd96a0000 - 0x00007ffbd97ed000 	C:\WINDOWS\SYSTEM32\wintypes.dll
0x00007ffbd98b0000 - 0x00007ffbd98bd000 	C:\WINDOWS\SYSTEM32\msacm32.drv
0x00007ffbd9890000 - 0x00007ffbd98ac000 	C:\WINDOWS\SYSTEM32\MSACM32.dll
0x00007ffbd9880000 - 0x00007ffbd988a000 	C:\WINDOWS\SYSTEM32\midimap.dll
0x00007ffbc6370000 - 0x00007ffbc6484000 	C:\Windows\System32\Windows.UI.dll
0x00007ffbc6170000 - 0x00007ffbc6206000 	C:\Windows\System32\TextInputFramework.dll
0x00007ffbc60f0000 - 0x00007ffbc6169000 	C:\Windows\System32\InputHost.dll
0x00007ffbd2670000 - 0x00007ffbd298e000 	C:\Windows\System32\CoreUIComponents.dll
0x00007ffbdb3f0000 - 0x00007ffbdb4ca000 	C:\Windows\System32\CoreMessaging.dll
0x00007ffbdc480000 - 0x00007ffbdc4b1000 	C:\WINDOWS\SYSTEM32\ntmarta.dll
0x00007ffba0ca0000 - 0x00007ffba0dc0000 	C:\WINDOWS\system32\opengl32.dll
0x00007ffbd15b0000 - 0x00007ffbd15dc000 	C:\WINDOWS\SYSTEM32\GLU32.dll
0x00007ffbd1e90000 - 0x00007ffbd1f7e000 	C:\WINDOWS\System32\DriverStore\FileRepository\nv_dispi.inf_amd64_c5dc31c3a136544a\nvldumdx.dll
0x00007ffbde320000 - 0x00007ffbde502000 	C:\WINDOWS\System32\crypt32.dll
0x00007ffbdd430000 - 0x00007ffbdd442000 	C:\WINDOWS\System32\MSASN1.dll
0x00007ffbde2c0000 - 0x00007ffbde317000 	C:\WINDOWS\System32\WINTRUST.DLL
0x00007ffbdf240000 - 0x00007ffbdf25d000 	C:\WINDOWS\System32\imagehlp.dll
0x00007ffbdcdc0000 - 0x00007ffbdcdd7000 	C:\WINDOWS\SYSTEM32\CRYPTSP.dll
0x00007ffbdc7f0000 - 0x00007ffbdc823000 	C:\WINDOWS\system32\rsaenh.dll
0x00007ffbdcef0000 - 0x00007ffbdcf15000 	C:\WINDOWS\SYSTEM32\bcrypt.dll
0x00007ffbdcde0000 - 0x00007ffbdcdeb000 	C:\WINDOWS\SYSTEM32\CRYPTBASE.dll
0x00007ffb91840000 - 0x00007ffb92c00000 	C:\WINDOWS\System32\DriverStore\FileRepository\nv_dispi.inf_amd64_c5dc31c3a136544a\nvd3dumx.dll
0x00007ffbcd8f0000 - 0x00007ffbcd9b4000 	C:\Program Files (x86)\NVIDIA Corporation\3D Vision\nvSCPAPI64.dll
0x00007ffbdf290000 - 0x00007ffbdf6db000 	C:\WINDOWS\System32\SETUPAPI.dll
0x00007ffba7f40000 - 0x00007ffba81ee000 	C:\WINDOWS\system32\nvspcap64.dll
0x00007ffbdc0d0000 - 0x00007ffbdc0f2000 	C:\WINDOWS\SYSTEM32\gpapi.dll
0x00007ffbd7c60000 - 0x00007ffbd7c8e000 	C:\WINDOWS\SYSTEM32\cryptnet.dll
0x00007ffbb5080000 - 0x00007ffbb5100000 	C:\Program Files\Java\jdk-11.0.1\bin\freetype.dll
0x00007ffbb4510000 - 0x00007ffbb457f000 	C:\Program Files\Java\jdk-11.0.1\bin\fontmanager.dll
0x00007ffb9c750000 - 0x00007ffb9ca24000 	C:\Users\sellm\AppData\Roaming\discord\0.0.305\modules\discord_hook\151198a728\DiscordHook64.dll
0x00007ffbdc990000 - 0x00007ffbdc9c8000 	C:\WINDOWS\SYSTEM32\IPHLPAPI.DLL
0x00007ffbdd290000 - 0x00007ffbdd2b8000 	C:\WINDOWS\SYSTEM32\USERENV.dll

dbghelp: loaded successfully - version: 4.0.5 - missing functions: none
symbol engine: initialized successfully - sym options: 0x614 - pdb path: .;C:\Program Files\Java\jdk-11.0.1\bin;C:\WINDOWS\SYSTEM32;C:\Program Files (x86)\AVG\Antivirus;C:\WINDOWS\WinSxS\amd64_microsoft.windows.common-controls_6595b64144ccf1df_6.0.17134.648_none_fb45a0e93062a6d2;C:\Program Files\Java\jdk-11.0.1\bin\server;C:\Program Files\JetBrains\IntelliJ IDEA 2018.2.6\bin;C:\WINDOWS\System32\DriverStore\FileRepository\nv_dispi.inf_amd64_c5dc31c3a136544a;C:\Program Files (x86)\NVIDIA Corporation\3D Vision;C:\Users\sellm\AppData\Roaming\discord\0.0.305\modules\discord_hook\151198a728

VM Arguments:
jvm_args: -javaagent:C:\Program Files\JetBrains\IntelliJ IDEA 2018.2.6\lib\idea_rt.jar=63760:C:\Program Files\JetBrains\IntelliJ IDEA 2018.2.6\bin -Dfile.encoding=UTF-8 
java_command: game.Game
java_class_path (initial): C:\Users\sellm\Desktop\IN1007\StardustCrusaders\BasicDemo\out\production\azza;C:\Users\sellm\Desktop\IN1007\CityEngine.jar
Launcher Type: SUN_STANDARD

[Global flags]
     intx CICompilerCount                          = 4                                         {product} {ergonomic}
     uint ConcGCThreads                            = 2                                         {product} {ergonomic}
     uint G1ConcRefinementThreads                  = 8                                         {product} {ergonomic}
   size_t G1HeapRegionSize                         = 1048576                                   {product} {ergonomic}
    uintx GCDrainStackTargetSize                   = 64                                        {product} {ergonomic}
   size_t InitialHeapSize                          = 268435456                                 {product} {ergonomic}
   size_t MarkStackSize                            = 4194304                                   {product} {ergonomic}
   size_t MaxHeapSize                              = 4286578688                                {product} {ergonomic}
   size_t MaxNewSize                               = 2571108352                                {product} {ergonomic}
   size_t MinHeapDeltaBytes                        = 1048576                                   {product} {ergonomic}
    uintx NonNMethodCodeHeapSize                   = 5835340                                {pd product} {ergonomic}
    uintx NonProfiledCodeHeapSize                  = 122911450                              {pd product} {ergonomic}
    uintx ProfiledCodeHeapSize                     = 122911450                              {pd product} {ergonomic}
    uintx ReservedCodeCacheSize                    = 251658240                              {pd product} {ergonomic}
     bool SegmentedCodeCache                       = true                                      {product} {ergonomic}
     bool UseCompressedClassPointers               = true                                 {lp64_product} {ergonomic}
     bool UseCompressedOops                        = true                                 {lp64_product} {ergonomic}
     bool UseG1GC                                  = true                                      {product} {ergonomic}
     bool UseLargePagesIndividualAllocation        = false                                  {pd product} {ergonomic}

Logging:
Log output configuration:
 #0: stdout all=warning uptime,level,tags
 #1: stderr all=off uptime,level,tags

Environment Variables:
PATH=C:\Program Files (x86)\Common Files\Oracle\Java\javapath;C:\ProgramData\Oracle\Java\javapath;C:\Windows\system32;C:\Windows;C:\Windows\System32\Wbem;C:\Windows\System32\WindowsPowerShell\v1.0\;C:\Program Files (x86)\GtkSharp\2.12\bin;C:\WINDOWS\system32;C:\WINDOWS;C:\WINDOWS\System32\Wbem;C:\WINDOWS\System32\WindowsPowerShell\v1.0\;C:\WINDOWS\System32\OpenSSH\;C:\Program Files\NVIDIA Corporation\NVIDIA NvDLISR;C:\Program Files\Git\cmd;C:\Program Files (x86)\NVIDIA Corporation\PhysX\Common;C:\Users\sellm\AppData\Local\Microsoft\WindowsApps;C:\Gradle\gradle-4.10.2\bin;C:\Users\sellm\AppData\Local\GitHubDesktop\bin;C:\Users\sellm\AppData\Local\atom\bin
USERNAME=sellm
OS=Windows_NT
PROCESSOR_IDENTIFIER=Intel64 Family 6 Model 158 Stepping 9, GenuineIntel



---------------  S Y S T E M  ---------------

OS: Windows 10 , 64 bit Build 17134 (10.0.17134.648)

CPU:total 8 (initial active 8) (4 cores per cpu, 2 threads per core) family 6 model 158 stepping 9, cmov, cx8, fxsr, mmx, sse, sse2, sse3, ssse3, sse4.1, sse4.2, popcnt, avx, avx2, aes, clmul, erms, rtm, 3dnowpref, lzcnt, ht, tsc, tscinvbit, bmi1, bmi2, adx, fma

Memory: 4k page, system-wide physical 16347M (8349M free)
TotalPageFile size 18779M (AvailPageFile size 5548M)
current process WorkingSet (physical memory assigned to process): 332M, peak: 505M
current process commit charge ("private bytes"): 537M, peak: 715M

vm_info: Java HotSpot(TM) 64-Bit Server VM (11.0.1+13-LTS) for windows-amd64 JRE (11.0.1+13-LTS), built on Oct  6 2018 13:20:16 by "mach5one" with MS VC++ 15.5 (VS2017)

END.
