#
# A fatal error has been detected by the Java Runtime Environment:
#
#  EXCEPTION_ACCESS_VIOLATION (0xc0000005) at pc=0x00007ffe58073c85, pid=10872, tid=16928
#
# JRE version: Java(TM) SE Runtime Environment (11.0.1+13) (build 11.0.1+13-LTS)
# Java VM: Java HotSpot(TM) 64-Bit Server VM (11.0.1+13-LTS, mixed mode, tiered, compressed oops, g1 gc, windows-amd64)
# Problematic frame:
# C  [DiscordHook64.dll+0x43c85]
#
# No core dump will be written. Minidumps are not enabled by default on client versions of Windows
#
# If you would like to submit a bug report, please visit:
#   http://bugreport.java.com/bugreport/crash.jsp
#

---------------  S U M M A R Y ------------

Command Line: -javaagent:C:\Program Files\JetBrains\IntelliJ IDEA 2018.2.6\lib\idea_rt.jar=52517:C:\Program Files\JetBrains\IntelliJ IDEA 2018.2.6\bin -Dfile.encoding=UTF-8 game.Game

Host: Intel(R) Core(TM) i7-7700 CPU @ 3.60GHz, 8 cores, 15G,  Windows 10 , 64 bit Build 17134 (10.0.17134.706)
Time: Mon Apr 22 22:32:49 2019 GMT Summer Time elapsed time: 93 seconds (0d 0h 1m 33s)

---------------  T H R E A D  ---------------

Current thread (0x0000015dd1288800):  VMThread "VM Thread" [stack: 0x00000034b4400000,0x00000034b4500000] [id=16928]

Stack: [0x00000034b4400000,0x00000034b4500000],  sp=0x00000034b44ff020,  free space=1020k
Native frames: (J=compiled Java code, j=interpreted, Vv=VM code, C=native code)
C  [DiscordHook64.dll+0x43c85]


siginfo: EXCEPTION_ACCESS_VIOLATION (0xc0000005), reading address 0x00007ffe921d84a0


Register to memory mapping:

RIP=0x00007ffe58073c85 DiscordHook64.dll
RAX=0x00007ffe921d8490 is an unknown value
RBX=0x00007ffe582d1c98 DiscordHook64.dll
RCX=0x0000015dd1eb3358 points into unknown readable memory
RDX=0x00007ffe582dad20 DiscordHook64.dll
RSP=0x00000034b44ff020 points into unknown readable memory
RBP=0x0000c1b7de7b406e is an unknown value
RSI=0x0 is NULL
RDI=0x0000000000000001 is an unknown value
R8 =0x0000c1b7de7b406e is an unknown value
R9 =0x000000000000002e is an unknown value
R10=0x0000015dd2ce10c0 points into unknown readable memory
R11=0x0000000000000246 is an unknown value
R12=0x0000015dd2ce1198 points into unknown readable memory
R13=0x0000015dd2ce10c0 points into unknown readable memory
R14=0x00000034b44ff0f0 points into unknown readable memory
R15=0x0000000000000040 is an unknown value


Registers:
RAX=0x00007ffe921d8490, RBX=0x00007ffe582d1c98, RCX=0x0000015dd1eb3358, RDX=0x00007ffe582dad20
RSP=0x00000034b44ff020, RBP=0x0000c1b7de7b406e, RSI=0x0000000000000000, RDI=0x0000000000000001
R8 =0x0000c1b7de7b406e, R9 =0x000000000000002e, R10=0x0000015dd2ce10c0, R11=0x0000000000000246
R12=0x0000015dd2ce1198, R13=0x0000015dd2ce10c0, R14=0x00000034b44ff0f0, R15=0x0000000000000040
RIP=0x00007ffe58073c85, EFLAGS=0x0000000000010202

Top of Stack: (sp=0x00000034b44ff020)
0x00000034b44ff020:   0000015dd2ce10f8 0000015d00000000
0x00000034b44ff030:   fffffffffffffffe 0000015dd2ce1100
0x00000034b44ff040:   0000015dd2ce10c0 00007ffe5822e438
0x00000034b44ff050:   0000015dd2ce10f0 0000000000000000
0x00000034b44ff060:   0000000000000000 0000015dd2ce1120
0x00000034b44ff070:   0000000000000001 00007ffe58030000
0x00000034b44ff080:   00000034b65fad40 00007ffe5803d215
0x00000034b44ff090:   00000034b44ff0f0 00007ffe5822dfd1
0x00000034b44ff0a0:   00000034b44ff120 00000034b44ff1c0
0x00000034b44ff0b0:   0000000000000001 0000000000000000
0x00000034b44ff0c0:   00000034b44ff1a0 00007ffe5822e5bd
0x00000034b44ff0d0:   00000034b44ff1a0 0000000000000000
0x00000034b44ff0e0:   000048eb83d1ce35 00000034b44ff120
0x00000034b44ff0f0:   00000034b44ff110 00000034b44ff1a0
0x00000034b44ff100:   0000000000000000 00007ffe5822c034
0x00000034b44ff110:   00007ffe582dad20 00007ffe9d085012 

Instructions: (pc=0x00007ffe58073c85)
0x00007ffe58073c65:   8d 5b f0 48 ff cf 48 85 c9 74 0a 48 8b 01 ff 50
0x00007ffe58073c75:   10 48 89 73 08 48 8b 0b 48 85 c9 74 09 48 8b 01
0x00007ffe58073c85:   ff 50 10 48 89 33 48 85 ff 75 d0 48 8b 5c 24 30
0x00007ffe58073c95:   48 8b 74 24 38 48 83 c4 20 5f c3 cc cc cc cc cc 


VM_Operation (0x00000034b65fad40): Exit, mode: safepoint, requested by thread 0x0000015dd5c36000


---------------  P R O C E S S  ---------------

Threads class SMR info:
_java_thread_list=0x0000015dd6054710, length=31, elements={
0x0000015dd128a800, 0x0000015dd12b6000, 0x0000015dd1318800, 0x0000015dd131a800,
0x0000015dd131d800, 0x0000015dd131f000, 0x0000015dd1321800, 0x0000015dd09c3000,
0x0000015dd17d3800, 0x0000015dd1725800, 0x0000015dd1817800, 0x0000015dd1953800,
0x0000015dd1c75000, 0x0000015dd1c1b800, 0x0000015dd2fba000, 0x0000015dd1de2800,
0x0000015dd5c36000, 0x0000015dd5e84800, 0x0000015dd5e84000, 0x0000015dd5e85800,
0x0000015dd5e83000, 0x0000015dd5e86800, 0x0000015dd564a000, 0x0000015dd5647800,
0x0000015dd5644000, 0x0000015dd5645000, 0x0000015dd564f000, 0x0000015dd564b800,
0x0000015dd5650800, 0x0000015dd564a800, 0x0000015dd5646000
}

Java Threads: ( => current thread )
  0x0000015dd128a800 JavaThread "Reference Handler" daemon [_thread_blocked, id=14504, stack(0x00000034b4500000,0x00000034b4600000)]
  0x0000015dd12b6000 JavaThread "Finalizer" daemon [_thread_blocked, id=16904, stack(0x00000034b4600000,0x00000034b4700000)]
  0x0000015dd1318800 JavaThread "Signal Dispatcher" daemon [_thread_blocked, id=8400, stack(0x00000034b4700000,0x00000034b4800000)]
  0x0000015dd131a800 JavaThread "Attach Listener" daemon [_thread_blocked, id=6256, stack(0x00000034b4800000,0x00000034b4900000)]
  0x0000015dd131d800 JavaThread "C2 CompilerThread0" daemon [_thread_blocked, id=13912, stack(0x00000034b4900000,0x00000034b4a00000)]
  0x0000015dd131f000 JavaThread "C1 CompilerThread0" daemon [_thread_blocked, id=1072, stack(0x00000034b4a00000,0x00000034b4b00000)]
  0x0000015dd1321800 JavaThread "Sweeper thread" daemon [_thread_blocked, id=1544, stack(0x00000034b4b00000,0x00000034b4c00000)]
  0x0000015dd09c3000 JavaThread "Common-Cleaner" daemon [_thread_blocked, id=4428, stack(0x00000034b4c00000,0x00000034b4d00000)]
  0x0000015dd17d3800 JavaThread "Monitor Ctrl-Break" daemon [_thread_in_native, id=1512, stack(0x00000034b4d00000,0x00000034b4e00000)]
  0x0000015dd1725800 JavaThread "Service Thread" daemon [_thread_blocked, id=6220, stack(0x00000034b4e00000,0x00000034b4f00000)]
  0x0000015dd1817800 JavaThread "Timer-0" [_thread_blocked, id=1984, stack(0x00000034b5000000,0x00000034b5100000)]
  0x0000015dd1953800 JavaThread "Java2D Disposer" daemon [_thread_blocked, id=9072, stack(0x00000034b5100000,0x00000034b5200000)]
  0x0000015dd1c75000 JavaThread "Java Sound Event Dispatcher" daemon [_thread_blocked, id=2632, stack(0x00000034b5700000,0x00000034b5800000)]
  0x0000015dd1c1b800 JavaThread "Direct Clip" daemon [_thread_blocked, id=18108, stack(0x00000034b5a00000,0x00000034b5b00000)]
  0x0000015dd2fba000 JavaThread "Direct Clip" daemon [_thread_blocked, id=4172, stack(0x00000034b5b00000,0x00000034b5c00000)]
  0x0000015dd1de2800 JavaThread "AWT-Shutdown" [_thread_blocked, id=17556, stack(0x00000034b5200000,0x00000034b5300000)]
  0x0000015dd5c36000 JavaThread "AWT-EventQueue-0" [_thread_blocked, id=13252, stack(0x00000034b6500000,0x00000034b6600000)]
  0x0000015dd5e84800 JavaThread "Direct Clip" daemon [_thread_blocked, id=19400, stack(0x00000034b6700000,0x00000034b6800000)]
  0x0000015dd5e84000 JavaThread "TimerQueue" daemon [_thread_blocked, id=15504, stack(0x00000034b6800000,0x00000034b6900000)]
  0x0000015dd5e85800 JavaThread "DestroyJavaVM" [_thread_blocked, id=14564, stack(0x00000034b3e00000,0x00000034b3f00000)]
  0x0000015dd5e83000 JavaThread "Direct Clip" daemon [_thread_blocked, id=10616, stack(0x00000034b6d00000,0x00000034b6e00000)]
  0x0000015dd5e86800 JavaThread "Timer-2" [_thread_blocked, id=11924, stack(0x00000034b5e00000,0x00000034b5f00000)]
  0x0000015dd564a000 JavaThread "Timer-3" [_thread_blocked, id=7092, stack(0x00000034b6e00000,0x00000034b6f00000)]
  0x0000015dd5647800 JavaThread "Timer-4" [_thread_blocked, id=7128, stack(0x00000034b7000000,0x00000034b7100000)]
  0x0000015dd5644000 JavaThread "Java Sound Event Dispatcher" daemon [_thread_blocked, id=18588, stack(0x00000034b7400000,0x00000034b7500000)]
  0x0000015dd5645000 JavaThread "Timer-6" [_thread_blocked, id=4144, stack(0x00000034b3c00000,0x00000034b3d00000)]
  0x0000015dd564f000 JavaThread "Timer-7" [_thread_blocked, id=11928, stack(0x00000034b7500000,0x00000034b7600000)]
  0x0000015dd564b800 JavaThread "Direct Clip" daemon [_thread_blocked, id=8140, stack(0x00000034b7600000,0x00000034b7700000)]
  0x0000015dd5650800 JavaThread "Timer-8" [_thread_blocked, id=10456, stack(0x00000034b7700000,0x00000034b7800000)]
  0x0000015dd564a800 JavaThread "Direct Clip" daemon [_thread_blocked, id=17312, stack(0x00000034b7800000,0x00000034b7900000)]
  0x0000015dd5646000 JavaThread "Direct Clip" daemon [_thread_blocked, id=15716, stack(0x00000034b3a00000,0x00000034b3b00000)]

Other Threads:
=>0x0000015dd1288800 VMThread "VM Thread" [stack: 0x00000034b4400000,0x00000034b4500000] [id=16928]
  0x0000015dad04a000 GCTaskThread "GC Thread#0" [stack: 0x00000034b3f00000,0x00000034b4000000] [id=12352]
  0x0000015dd31a2000 GCTaskThread "GC Thread#1" [stack: 0x00000034b5f00000,0x00000034b6000000] [id=7716]
  0x0000015dd1acf000 GCTaskThread "GC Thread#2" [stack: 0x00000034b6000000,0x00000034b6100000] [id=8280]
  0x0000015dd32d6800 GCTaskThread "GC Thread#3" [stack: 0x00000034b6100000,0x00000034b6200000] [id=5976]
  0x0000015dd32d7800 GCTaskThread "GC Thread#4" [stack: 0x00000034b6200000,0x00000034b6300000] [id=12184]
  0x0000015dd2f40800 GCTaskThread "GC Thread#5" [stack: 0x00000034b6300000,0x00000034b6400000] [id=18908]
  0x0000015dd3b2f800 GCTaskThread "GC Thread#6" [stack: 0x00000034b7100000,0x00000034b7200000] [id=5364]
  0x0000015dd3c4a000 GCTaskThread "GC Thread#7" [stack: 0x00000034b7200000,0x00000034b7300000] [id=11700]
  0x0000015dad0ab800 ConcurrentGCThread "G1 Main Marker" [stack: 0x00000034b4000000,0x00000034b4100000] [id=11988]
  0x0000015dad0ae000 ConcurrentGCThread "G1 Conc#0" [stack: 0x00000034b4100000,0x00000034b4200000] [id=15436]
  0x0000015dd1df7000 ConcurrentGCThread "G1 Conc#1" [stack: 0x00000034b7300000,0x00000034b7400000] [id=14356]
  0x0000015dd08df000 ConcurrentGCThread "G1 Refine#0" [stack: 0x00000034b4200000,0x00000034b4300000] [id=17404]
  0x0000015dd08e0800 ConcurrentGCThread "G1 Young RemSet Sampling" [stack: 0x00000034b4300000,0x00000034b4400000] [id=4248]

Threads with active compile tasks:

VM state:at safepoint (shutting down)

VM Mutex/Monitor currently owned by a thread:  ([mutex/lock_event])
[0x0000015dad033e70] Threads_lock - owner thread: 0x0000015dd1288800

Heap address: 0x0000000700800000, size: 4088 MB, Compressed Oops mode: Zero based, Oop shift amount: 3
Narrow klass base: 0x0000000800000000, Narrow klass shift: 0
Compressed class space size: 1073741824 Address: 0x0000000800000000

Heap:
 garbage-first heap   total 262144K, used 131411K [0x0000000700800000, 0x0000000800000000)
  region size 1024K, 16 young (16384K), 4 survivors (4096K)
 Metaspace       used 19319K, capacity 19821K, committed 20096K, reserved 1067008K
  class space    used 1923K, capacity 2140K, committed 2176K, reserved 1048576K
Heap Regions: E=young(eden), S=young(survivor), O=old, HS=humongous(starts), HC=humongous(continues), CS=collection set, F=free, A=archive, TAMS=top-at-mark-start (previous, next)
|   0|0x0000000700800000, 0x0000000700900000, 0x0000000700900000|100%|HS|  |TAMS 0x0000000700900000, 0x0000000700800000| Complete 
|   1|0x0000000700900000, 0x0000000700a00000, 0x0000000700a00000|100%|HC|  |TAMS 0x0000000700a00000, 0x0000000700900000| Complete 
|   2|0x0000000700a00000, 0x0000000700b00000, 0x0000000700b00000|100%|HS|  |TAMS 0x0000000700b00000, 0x0000000700a00000| Complete 
|   3|0x0000000700b00000, 0x0000000700c00000, 0x0000000700c00000|100%|HC|  |TAMS 0x0000000700c00000, 0x0000000700b00000| Complete 
|   4|0x0000000700c00000, 0x0000000700c00000, 0x0000000700d00000|  0%| F|  |TAMS 0x0000000700c00000, 0x0000000700c00000| Untracked 
|   5|0x0000000700d00000, 0x0000000700e00000, 0x0000000700e00000|100%|HS|  |TAMS 0x0000000700e00000, 0x0000000700d00000| Complete 
|   6|0x0000000700e00000, 0x0000000700f00000, 0x0000000700f00000|100%|HC|  |TAMS 0x0000000700f00000, 0x0000000700e00000| Complete 
|   7|0x0000000700f00000, 0x0000000701000000, 0x0000000701000000|100%|HC|  |TAMS 0x0000000701000000, 0x0000000700f00000| Complete 
|   8|0x0000000701000000, 0x0000000701100000, 0x0000000701100000|100%|HC|  |TAMS 0x0000000701100000, 0x0000000701000000| Complete 
|   9|0x0000000701100000, 0x0000000701200000, 0x0000000701200000|100%|HC|  |TAMS 0x0000000701200000, 0x0000000701100000| Complete 
|  10|0x0000000701200000, 0x0000000701300000, 0x0000000701300000|100%| O|  |TAMS 0x0000000701300000, 0x0000000701200000| Untracked 
|  11|0x0000000701300000, 0x0000000701400000, 0x0000000701400000|100%|HS|  |TAMS 0x0000000701400000, 0x0000000701300000| Complete 
|  12|0x0000000701400000, 0x0000000701500000, 0x0000000701500000|100%|HC|  |TAMS 0x0000000701500000, 0x0000000701400000| Complete 
|  13|0x0000000701500000, 0x0000000701600000, 0x0000000701600000|100%|HC|  |TAMS 0x0000000701600000, 0x0000000701500000| Complete 
|  14|0x0000000701600000, 0x0000000701700000, 0x0000000701700000|100%|HC|  |TAMS 0x0000000701700000, 0x0000000701600000| Complete 
|  15|0x0000000701700000, 0x0000000701800000, 0x0000000701800000|100%|HC|  |TAMS 0x0000000701800000, 0x0000000701700000| Complete 
|  16|0x0000000701800000, 0x0000000701800000, 0x0000000701900000|  0%| F|  |TAMS 0x0000000701800000, 0x0000000701800000| Untracked 
|  17|0x0000000701900000, 0x0000000701a00000, 0x0000000701a00000|100%|HS|  |TAMS 0x0000000701a00000, 0x0000000701900000| Complete 
|  18|0x0000000701a00000, 0x0000000701b00000, 0x0000000701b00000|100%|HC|  |TAMS 0x0000000701b00000, 0x0000000701a00000| Complete 
|  19|0x0000000701b00000, 0x0000000701c00000, 0x0000000701c00000|100%|HC|  |TAMS 0x0000000701c00000, 0x0000000701b00000| Complete 
|  20|0x0000000701c00000, 0x0000000701d00000, 0x0000000701d00000|100%|HC|  |TAMS 0x0000000701d00000, 0x0000000701c00000| Complete 
|  21|0x0000000701d00000, 0x0000000701e00000, 0x0000000701e00000|100%|HC|  |TAMS 0x0000000701e00000, 0x0000000701d00000| Complete 
|  22|0x0000000701e00000, 0x0000000701f00000, 0x0000000701f00000|100%| O|  |TAMS 0x0000000701f00000, 0x0000000701e00000| Untracked 
|  23|0x0000000701f00000, 0x0000000702000000, 0x0000000702000000|100%|HS|  |TAMS 0x0000000702000000, 0x0000000701f00000| Complete 
|  24|0x0000000702000000, 0x0000000702100000, 0x0000000702100000|100%|HC|  |TAMS 0x0000000702100000, 0x0000000702000000| Complete 
|  25|0x0000000702100000, 0x0000000702200000, 0x0000000702200000|100%|HC|  |TAMS 0x0000000702200000, 0x0000000702100000| Complete 
|  26|0x0000000702200000, 0x0000000702300000, 0x0000000702300000|100%|HC|  |TAMS 0x0000000702300000, 0x0000000702200000| Complete 
|  27|0x0000000702300000, 0x0000000702400000, 0x0000000702400000|100%|HC|  |TAMS 0x0000000702400000, 0x0000000702300000| Complete 
|  28|0x0000000702400000, 0x0000000702500000, 0x0000000702500000|100%|HC|  |TAMS 0x0000000702500000, 0x0000000702400000| Complete 
|  29|0x0000000702500000, 0x0000000702600000, 0x0000000702600000|100%|HC|  |TAMS 0x0000000702600000, 0x0000000702500000| Complete 
|  30|0x0000000702600000, 0x0000000702700000, 0x0000000702700000|100%|HC|  |TAMS 0x0000000702700000, 0x0000000702600000| Complete 
|  31|0x0000000702700000, 0x0000000702800000, 0x0000000702800000|100%|HC|  |TAMS 0x0000000702800000, 0x0000000702700000| Complete 
|  32|0x0000000702800000, 0x0000000702900000, 0x0000000702900000|100%|HC|  |TAMS 0x0000000702900000, 0x0000000702800000| Complete 
|  33|0x0000000702900000, 0x0000000702a00000, 0x0000000702a00000|100%|HC|  |TAMS 0x0000000702a00000, 0x0000000702900000| Complete 
|  34|0x0000000702a00000, 0x0000000702b00000, 0x0000000702b00000|100%|HC|  |TAMS 0x0000000702b00000, 0x0000000702a00000| Complete 
|  35|0x0000000702b00000, 0x0000000702c00000, 0x0000000702c00000|100%|HC|  |TAMS 0x0000000702c00000, 0x0000000702b00000| Complete 
|  36|0x0000000702c00000, 0x0000000702d00000, 0x0000000702d00000|100%|HC|  |TAMS 0x0000000702d00000, 0x0000000702c00000| Complete 
|  37|0x0000000702d00000, 0x0000000702e00000, 0x0000000702e00000|100%|HC|  |TAMS 0x0000000702e00000, 0x0000000702d00000| Complete 
|  38|0x0000000702e00000, 0x0000000702f00000, 0x0000000702f00000|100%|HC|  |TAMS 0x0000000702f00000, 0x0000000702e00000| Complete 
|  39|0x0000000702f00000, 0x0000000703000000, 0x0000000703000000|100%|HC|  |TAMS 0x0000000703000000, 0x0000000702f00000| Complete 
|  40|0x0000000703000000, 0x0000000703100000, 0x0000000703100000|100%|HS|  |TAMS 0x0000000703100000, 0x0000000703000000| Complete 
|  41|0x0000000703100000, 0x0000000703200000, 0x0000000703200000|100%| O|  |TAMS 0x0000000703200000, 0x0000000703100000| Untracked 
|  42|0x0000000703200000, 0x0000000703300000, 0x0000000703300000|100%| O|  |TAMS 0x0000000703300000, 0x0000000703200000| Untracked 
|  43|0x0000000703300000, 0x0000000703400000, 0x0000000703400000|100%|HS|  |TAMS 0x0000000703400000, 0x0000000703300000| Complete 
|  44|0x0000000703400000, 0x0000000703500000, 0x0000000703500000|100%|HC|  |TAMS 0x0000000703500000, 0x0000000703400000| Complete 
|  45|0x0000000703500000, 0x0000000703600000, 0x0000000703600000|100%|HC|  |TAMS 0x0000000703600000, 0x0000000703500000| Complete 
|  46|0x0000000703600000, 0x0000000703700000, 0x0000000703700000|100%|HC|  |TAMS 0x0000000703700000, 0x0000000703600000| Complete 
|  47|0x0000000703700000, 0x0000000703800000, 0x0000000703800000|100%|HC|  |TAMS 0x0000000703800000, 0x0000000703700000| Complete 
|  48|0x0000000703800000, 0x0000000703900000, 0x0000000703900000|100%|HC|  |TAMS 0x0000000703900000, 0x0000000703800000| Complete 
|  49|0x0000000703900000, 0x0000000703a00000, 0x0000000703a00000|100%|HC|  |TAMS 0x0000000703a00000, 0x0000000703900000| Complete 
|  50|0x0000000703a00000, 0x0000000703b00000, 0x0000000703b00000|100%|HC|  |TAMS 0x0000000703b00000, 0x0000000703a00000| Complete 
|  51|0x0000000703b00000, 0x0000000703c00000, 0x0000000703c00000|100%|HC|  |TAMS 0x0000000703c00000, 0x0000000703b00000| Complete 
|  52|0x0000000703c00000, 0x0000000703d00000, 0x0000000703d00000|100%|HC|  |TAMS 0x0000000703d00000, 0x0000000703c00000| Complete 
|  53|0x0000000703d00000, 0x0000000703e00000, 0x0000000703e00000|100%|HC|  |TAMS 0x0000000703e00000, 0x0000000703d00000| Complete 
|  54|0x0000000703e00000, 0x0000000703f00000, 0x0000000703f00000|100%|HC|  |TAMS 0x0000000703f00000, 0x0000000703e00000| Complete 
|  55|0x0000000703f00000, 0x0000000704000000, 0x0000000704000000|100%|HC|  |TAMS 0x0000000704000000, 0x0000000703f00000| Complete 
|  56|0x0000000704000000, 0x0000000704100000, 0x0000000704100000|100%|HC|  |TAMS 0x0000000704100000, 0x0000000704000000| Complete 
|  57|0x0000000704100000, 0x0000000704200000, 0x0000000704200000|100%|HC|  |TAMS 0x0000000704200000, 0x0000000704100000| Complete 
|  58|0x0000000704200000, 0x0000000704300000, 0x0000000704300000|100%|HC|  |TAMS 0x0000000704300000, 0x0000000704200000| Complete 
|  59|0x0000000704300000, 0x0000000704400000, 0x0000000704400000|100%|HC|  |TAMS 0x0000000704400000, 0x0000000704300000| Complete 
|  60|0x0000000704400000, 0x0000000704500000, 0x0000000704500000|100%| O|  |TAMS 0x0000000704500000, 0x0000000704400000| Untracked 
|  61|0x0000000704500000, 0x0000000704600000, 0x0000000704600000|100%| O|  |TAMS 0x0000000704600000, 0x0000000704500000| Untracked 
|  62|0x0000000704600000, 0x0000000704700000, 0x0000000704700000|100%| O|  |TAMS 0x0000000704700000, 0x0000000704600000| Untracked 
|  63|0x0000000704700000, 0x0000000704800000, 0x0000000704800000|100%|HS|  |TAMS 0x0000000704800000, 0x0000000704700000| Complete 
|  64|0x0000000704800000, 0x0000000704900000, 0x0000000704900000|100%|HC|  |TAMS 0x0000000704900000, 0x0000000704800000| Complete 
|  65|0x0000000704900000, 0x0000000704a00000, 0x0000000704a00000|100%|HC|  |TAMS 0x0000000704a00000, 0x0000000704900000| Complete 
|  66|0x0000000704a00000, 0x0000000704b00000, 0x0000000704b00000|100%|HC|  |TAMS 0x0000000704b00000, 0x0000000704a00000| Complete 
|  67|0x0000000704b00000, 0x0000000704c00000, 0x0000000704c00000|100%|HC|  |TAMS 0x0000000704c00000, 0x0000000704b00000| Complete 
|  68|0x0000000704c00000, 0x0000000704d00000, 0x0000000704d00000|100%|HC|  |TAMS 0x0000000704d00000, 0x0000000704c00000| Complete 
|  69|0x0000000704d00000, 0x0000000704e00000, 0x0000000704e00000|100%|HC|  |TAMS 0x0000000704e00000, 0x0000000704d00000| Complete 
|  70|0x0000000704e00000, 0x0000000704f00000, 0x0000000704f00000|100%|HC|  |TAMS 0x0000000704f00000, 0x0000000704e00000| Complete 
|  71|0x0000000704f00000, 0x0000000705000000, 0x0000000705000000|100%|HC|  |TAMS 0x0000000705000000, 0x0000000704f00000| Complete 
|  72|0x0000000705000000, 0x0000000705100000, 0x0000000705100000|100%|HC|  |TAMS 0x0000000705100000, 0x0000000705000000| Complete 
|  73|0x0000000705100000, 0x0000000705200000, 0x0000000705200000|100%|HC|  |TAMS 0x0000000705200000, 0x0000000705100000| Complete 
|  74|0x0000000705200000, 0x0000000705300000, 0x0000000705300000|100%|HC|  |TAMS 0x0000000705300000, 0x0000000705200000| Complete 
|  75|0x0000000705300000, 0x0000000705400000, 0x0000000705400000|100%|HC|  |TAMS 0x0000000705400000, 0x0000000705300000| Complete 
|  76|0x0000000705400000, 0x0000000705500000, 0x0000000705500000|100%|HC|  |TAMS 0x0000000705500000, 0x0000000705400000| Complete 
|  77|0x0000000705500000, 0x0000000705600000, 0x0000000705600000|100%|HC|  |TAMS 0x0000000705600000, 0x0000000705500000| Complete 
|  78|0x0000000705600000, 0x0000000705700000, 0x0000000705700000|100%|HC|  |TAMS 0x0000000705700000, 0x0000000705600000| Complete 
|  79|0x0000000705700000, 0x0000000705800000, 0x0000000705800000|100%|HC|  |TAMS 0x0000000705800000, 0x0000000705700000| Complete 
|  80|0x0000000705800000, 0x0000000705823600, 0x0000000705900000| 13%| O|  |TAMS 0x0000000705823600, 0x0000000705800000| Untracked 
|  81|0x0000000705900000, 0x0000000705a00000, 0x0000000705a00000|100%|HS|  |TAMS 0x0000000705900000, 0x0000000705900000| Complete 
|  82|0x0000000705a00000, 0x0000000705b00000, 0x0000000705b00000|100%|HC|  |TAMS 0x0000000705a00000, 0x0000000705a00000| Complete 
|  83|0x0000000705b00000, 0x0000000705c00000, 0x0000000705c00000|100%|HS|  |TAMS 0x0000000705c00000, 0x0000000705b00000| Complete 
|  84|0x0000000705c00000, 0x0000000705d00000, 0x0000000705d00000|100%|HC|  |TAMS 0x0000000705d00000, 0x0000000705c00000| Complete 
|  85|0x0000000705d00000, 0x0000000705e00000, 0x0000000705e00000|100%|HC|  |TAMS 0x0000000705e00000, 0x0000000705d00000| Complete 
|  86|0x0000000705e00000, 0x0000000705f00000, 0x0000000705f00000|100%|HC|  |TAMS 0x0000000705f00000, 0x0000000705e00000| Complete 
|  87|0x0000000705f00000, 0x0000000706000000, 0x0000000706000000|100%|HC|  |TAMS 0x0000000706000000, 0x0000000705f00000| Complete 
|  88|0x0000000706000000, 0x0000000706100000, 0x0000000706100000|100%|HC|  |TAMS 0x0000000706100000, 0x0000000706000000| Complete 
|  89|0x0000000706100000, 0x0000000706200000, 0x0000000706200000|100%|HC|  |TAMS 0x0000000706200000, 0x0000000706100000| Complete 
|  90|0x0000000706200000, 0x0000000706300000, 0x0000000706300000|100%|HC|  |TAMS 0x0000000706300000, 0x0000000706200000| Complete 
|  91|0x0000000706300000, 0x0000000706400000, 0x0000000706400000|100%|HC|  |TAMS 0x0000000706400000, 0x0000000706300000| Complete 
|  92|0x0000000706400000, 0x0000000706500000, 0x0000000706500000|100%|HC|  |TAMS 0x0000000706500000, 0x0000000706400000| Complete 
|  93|0x0000000706500000, 0x0000000706600000, 0x0000000706600000|100%|HC|  |TAMS 0x0000000706600000, 0x0000000706500000| Complete 
|  94|0x0000000706600000, 0x0000000706700000, 0x0000000706700000|100%|HC|  |TAMS 0x0000000706700000, 0x0000000706600000| Complete 
|  95|0x0000000706700000, 0x0000000706800000, 0x0000000706800000|100%|HC|  |TAMS 0x0000000706800000, 0x0000000706700000| Complete 
|  96|0x0000000706800000, 0x0000000706900000, 0x0000000706900000|100%|HC|  |TAMS 0x0000000706900000, 0x0000000706800000| Complete 
|  97|0x0000000706900000, 0x0000000706a00000, 0x0000000706a00000|100%|HC|  |TAMS 0x0000000706a00000, 0x0000000706900000| Complete 
|  98|0x0000000706a00000, 0x0000000706b00000, 0x0000000706b00000|100%|HC|  |TAMS 0x0000000706b00000, 0x0000000706a00000| Complete 
|  99|0x0000000706b00000, 0x0000000706c00000, 0x0000000706c00000|100%|HC|  |TAMS 0x0000000706c00000, 0x0000000706b00000| Complete 
| 100|0x0000000706c00000, 0x0000000706d00000, 0x0000000706d00000|100%|HS|  |TAMS 0x0000000706d00000, 0x0000000706c00000| Complete 
| 101|0x0000000706d00000, 0x0000000706e00000, 0x0000000706e00000|100%|HC|  |TAMS 0x0000000706e00000, 0x0000000706d00000| Complete 
| 102|0x0000000706e00000, 0x0000000706f00000, 0x0000000706f00000|100%|HC|  |TAMS 0x0000000706f00000, 0x0000000706e00000| Complete 
| 103|0x0000000706f00000, 0x0000000707000000, 0x0000000707000000|100%|HC|  |TAMS 0x0000000707000000, 0x0000000706f00000| Complete 
| 104|0x0000000707000000, 0x0000000707100000, 0x0000000707100000|100%|HC|  |TAMS 0x0000000707100000, 0x0000000707000000| Complete 
| 105|0x0000000707100000, 0x0000000707100000, 0x0000000707200000|  0%| F|  |TAMS 0x0000000707100000, 0x0000000707100000| Untracked 
| 106|0x0000000707200000, 0x0000000707200000, 0x0000000707300000|  0%| F|  |TAMS 0x0000000707200000, 0x0000000707200000| Untracked 
| 107|0x0000000707300000, 0x0000000707300000, 0x0000000707400000|  0%| F|  |TAMS 0x0000000707300000, 0x0000000707300000| Untracked 
| 108|0x0000000707400000, 0x0000000707400000, 0x0000000707500000|  0%| F|  |TAMS 0x0000000707400000, 0x0000000707400000| Untracked 
| 109|0x0000000707500000, 0x0000000707500000, 0x0000000707600000|  0%| F|  |TAMS 0x0000000707500000, 0x0000000707500000| Untracked 
| 110|0x0000000707600000, 0x0000000707600000, 0x0000000707700000|  0%| F|  |TAMS 0x0000000707600000, 0x0000000707600000| Untracked 
| 111|0x0000000707700000, 0x0000000707700000, 0x0000000707800000|  0%| F|  |TAMS 0x0000000707700000, 0x0000000707700000| Untracked 
| 112|0x0000000707800000, 0x0000000707800000, 0x0000000707900000|  0%| F|  |TAMS 0x0000000707800000, 0x0000000707800000| Untracked 
| 113|0x0000000707900000, 0x0000000707900000, 0x0000000707a00000|  0%| F|  |TAMS 0x0000000707900000, 0x0000000707900000| Untracked 
| 114|0x0000000707a00000, 0x0000000707a00000, 0x0000000707b00000|  0%| F|  |TAMS 0x0000000707a00000, 0x0000000707a00000| Untracked 
| 115|0x0000000707b00000, 0x0000000707b00000, 0x0000000707c00000|  0%| F|  |TAMS 0x0000000707b00000, 0x0000000707b00000| Untracked 
| 116|0x0000000707c00000, 0x0000000707c00000, 0x0000000707d00000|  0%| F|  |TAMS 0x0000000707c00000, 0x0000000707c00000| Untracked 
| 117|0x0000000707d00000, 0x0000000707e00000, 0x0000000707e00000|100%|HS|  |TAMS 0x0000000707e00000, 0x0000000707d00000| Complete 
| 118|0x0000000707e00000, 0x0000000707f00000, 0x0000000707f00000|100%|HC|  |TAMS 0x0000000707f00000, 0x0000000707e00000| Complete 
| 119|0x0000000707f00000, 0x0000000708000000, 0x0000000708000000|100%|HC|  |TAMS 0x0000000708000000, 0x0000000707f00000| Complete 
| 120|0x0000000708000000, 0x0000000708100000, 0x0000000708100000|100%|HC|  |TAMS 0x0000000708100000, 0x0000000708000000| Complete 
| 121|0x0000000708100000, 0x0000000708200000, 0x0000000708200000|100%|HC|  |TAMS 0x0000000708200000, 0x0000000708100000| Complete 
| 122|0x0000000708200000, 0x0000000708300000, 0x0000000708300000|100%|HC|  |TAMS 0x0000000708300000, 0x0000000708200000| Complete 
| 123|0x0000000708300000, 0x0000000708300000, 0x0000000708400000|  0%| F|  |TAMS 0x0000000708300000, 0x0000000708300000| Untracked 
| 124|0x0000000708400000, 0x0000000708400000, 0x0000000708500000|  0%| F|  |TAMS 0x0000000708400000, 0x0000000708400000| Untracked 
| 125|0x0000000708500000, 0x0000000708600000, 0x0000000708600000|100%|HS|  |TAMS 0x0000000708600000, 0x0000000708500000| Complete 
| 126|0x0000000708600000, 0x0000000708700000, 0x0000000708700000|100%|HC|  |TAMS 0x0000000708700000, 0x0000000708600000| Complete 
| 127|0x0000000708700000, 0x0000000708800000, 0x0000000708800000|100%|HC|  |TAMS 0x0000000708800000, 0x0000000708700000| Complete 
| 128|0x0000000708800000, 0x0000000708900000, 0x0000000708900000|100%|HC|  |TAMS 0x0000000708900000, 0x0000000708800000| Complete 
| 129|0x0000000708900000, 0x0000000708a00000, 0x0000000708a00000|100%|HC|  |TAMS 0x0000000708a00000, 0x0000000708900000| Complete 
| 130|0x0000000708a00000, 0x0000000708b00000, 0x0000000708b00000|100%|HC|  |TAMS 0x0000000708b00000, 0x0000000708a00000| Complete 
| 131|0x0000000708b00000, 0x0000000708b00000, 0x0000000708c00000|  0%| F|  |TAMS 0x0000000708b00000, 0x0000000708b00000| Untracked 
| 132|0x0000000708c00000, 0x0000000708c00000, 0x0000000708d00000|  0%| F|  |TAMS 0x0000000708c00000, 0x0000000708c00000| Untracked 
| 133|0x0000000708d00000, 0x0000000708d00000, 0x0000000708e00000|  0%| F|  |TAMS 0x0000000708d00000, 0x0000000708d00000| Untracked 
| 134|0x0000000708e00000, 0x0000000708e00000, 0x0000000708f00000|  0%| F|  |TAMS 0x0000000708e00000, 0x0000000708e00000| Untracked 
| 135|0x0000000708f00000, 0x0000000708f00000, 0x0000000709000000|  0%| F|  |TAMS 0x0000000708f00000, 0x0000000708f00000| Untracked 
| 136|0x0000000709000000, 0x0000000709000000, 0x0000000709100000|  0%| F|  |TAMS 0x0000000709000000, 0x0000000709000000| Untracked 
| 137|0x0000000709100000, 0x0000000709100000, 0x0000000709200000|  0%| F|  |TAMS 0x0000000709100000, 0x0000000709100000| Untracked 
| 138|0x0000000709200000, 0x0000000709200000, 0x0000000709300000|  0%| F|  |TAMS 0x0000000709200000, 0x0000000709200000| Untracked 
| 139|0x0000000709300000, 0x0000000709300000, 0x0000000709400000|  0%| F|  |TAMS 0x0000000709300000, 0x0000000709300000| Untracked 
| 140|0x0000000709400000, 0x0000000709400000, 0x0000000709500000|  0%| F|  |TAMS 0x0000000709400000, 0x0000000709400000| Untracked 
| 141|0x0000000709500000, 0x0000000709500000, 0x0000000709600000|  0%| F|  |TAMS 0x0000000709500000, 0x0000000709500000| Untracked 
| 142|0x0000000709600000, 0x0000000709600000, 0x0000000709700000|  0%| F|  |TAMS 0x0000000709600000, 0x0000000709600000| Untracked 
| 143|0x0000000709700000, 0x0000000709700000, 0x0000000709800000|  0%| F|  |TAMS 0x0000000709700000, 0x0000000709700000| Untracked 
| 144|0x0000000709800000, 0x0000000709800000, 0x0000000709900000|  0%| F|  |TAMS 0x0000000709800000, 0x0000000709800000| Untracked 
| 145|0x0000000709900000, 0x0000000709900000, 0x0000000709a00000|  0%| F|  |TAMS 0x0000000709900000, 0x0000000709900000| Untracked 
| 146|0x0000000709a00000, 0x0000000709a00000, 0x0000000709b00000|  0%| F|  |TAMS 0x0000000709a00000, 0x0000000709a00000| Untracked 
| 147|0x0000000709b00000, 0x0000000709b00000, 0x0000000709c00000|  0%| F|  |TAMS 0x0000000709b00000, 0x0000000709b00000| Untracked 
| 148|0x0000000709c00000, 0x0000000709c00000, 0x0000000709d00000|  0%| F|  |TAMS 0x0000000709c00000, 0x0000000709c00000| Untracked 
| 149|0x0000000709d00000, 0x0000000709d00000, 0x0000000709e00000|  0%| F|  |TAMS 0x0000000709d00000, 0x0000000709d00000| Untracked 
| 150|0x0000000709e00000, 0x0000000709e00000, 0x0000000709f00000|  0%| F|  |TAMS 0x0000000709e00000, 0x0000000709e00000| Untracked 
| 151|0x0000000709f00000, 0x0000000709f00000, 0x000000070a000000|  0%| F|  |TAMS 0x0000000709f00000, 0x0000000709f00000| Untracked 
| 152|0x000000070a000000, 0x000000070a000000, 0x000000070a100000|  0%| F|  |TAMS 0x000000070a000000, 0x000000070a000000| Untracked 
| 153|0x000000070a100000, 0x000000070a100000, 0x000000070a200000|  0%| F|  |TAMS 0x000000070a100000, 0x000000070a100000| Untracked 
| 154|0x000000070a200000, 0x000000070a200000, 0x000000070a300000|  0%| F|  |TAMS 0x000000070a200000, 0x000000070a200000| Untracked 
| 155|0x000000070a300000, 0x000000070a300000, 0x000000070a400000|  0%| F|  |TAMS 0x000000070a300000, 0x000000070a300000| Untracked 
| 156|0x000000070a400000, 0x000000070a400000, 0x000000070a500000|  0%| F|  |TAMS 0x000000070a400000, 0x000000070a400000| Untracked 
| 157|0x000000070a500000, 0x000000070a500000, 0x000000070a600000|  0%| F|  |TAMS 0x000000070a500000, 0x000000070a500000| Untracked 
| 158|0x000000070a600000, 0x000000070a600000, 0x000000070a700000|  0%| F|  |TAMS 0x000000070a600000, 0x000000070a600000| Untracked 
| 159|0x000000070a700000, 0x000000070a700000, 0x000000070a800000|  0%| F|  |TAMS 0x000000070a700000, 0x000000070a700000| Untracked 
| 160|0x000000070a800000, 0x000000070a800000, 0x000000070a900000|  0%| F|  |TAMS 0x000000070a800000, 0x000000070a800000| Untracked 
| 161|0x000000070a900000, 0x000000070a900000, 0x000000070aa00000|  0%| F|  |TAMS 0x000000070a900000, 0x000000070a900000| Untracked 
| 162|0x000000070aa00000, 0x000000070aa00000, 0x000000070ab00000|  0%| F|  |TAMS 0x000000070aa00000, 0x000000070aa00000| Untracked 
| 163|0x000000070ab00000, 0x000000070ab00000, 0x000000070ac00000|  0%| F|  |TAMS 0x000000070ab00000, 0x000000070ab00000| Untracked 
| 164|0x000000070ac00000, 0x000000070ac00000, 0x000000070ad00000|  0%| F|  |TAMS 0x000000070ac00000, 0x000000070ac00000| Untracked 
| 165|0x000000070ad00000, 0x000000070ad00000, 0x000000070ae00000|  0%| F|  |TAMS 0x000000070ad00000, 0x000000070ad00000| Untracked 
| 166|0x000000070ae00000, 0x000000070ae00000, 0x000000070af00000|  0%| F|  |TAMS 0x000000070ae00000, 0x000000070ae00000| Untracked 
| 167|0x000000070af00000, 0x000000070af00000, 0x000000070b000000|  0%| F|  |TAMS 0x000000070af00000, 0x000000070af00000| Untracked 
| 168|0x000000070b000000, 0x000000070b000000, 0x000000070b100000|  0%| F|  |TAMS 0x000000070b000000, 0x000000070b000000| Untracked 
| 169|0x000000070b100000, 0x000000070b100000, 0x000000070b200000|  0%| F|  |TAMS 0x000000070b100000, 0x000000070b100000| Untracked 
| 170|0x000000070b200000, 0x000000070b200000, 0x000000070b300000|  0%| F|  |TAMS 0x000000070b200000, 0x000000070b200000| Untracked 
| 171|0x000000070b300000, 0x000000070b300000, 0x000000070b400000|  0%| F|  |TAMS 0x000000070b300000, 0x000000070b300000| Untracked 
| 172|0x000000070b400000, 0x000000070b400000, 0x000000070b500000|  0%| F|  |TAMS 0x000000070b400000, 0x000000070b400000| Untracked 
| 173|0x000000070b500000, 0x000000070b500000, 0x000000070b600000|  0%| F|  |TAMS 0x000000070b500000, 0x000000070b500000| Untracked 
| 174|0x000000070b600000, 0x000000070b600000, 0x000000070b700000|  0%| F|  |TAMS 0x000000070b600000, 0x000000070b600000| Untracked 
| 175|0x000000070b700000, 0x000000070b700000, 0x000000070b800000|  0%| F|  |TAMS 0x000000070b700000, 0x000000070b700000| Untracked 
| 176|0x000000070b800000, 0x000000070b800000, 0x000000070b900000|  0%| F|  |TAMS 0x000000070b800000, 0x000000070b800000| Untracked 
| 177|0x000000070b900000, 0x000000070b900000, 0x000000070ba00000|  0%| F|  |TAMS 0x000000070b900000, 0x000000070b900000| Untracked 
| 178|0x000000070ba00000, 0x000000070ba00000, 0x000000070bb00000|  0%| F|  |TAMS 0x000000070ba00000, 0x000000070ba00000| Untracked 
| 179|0x000000070bb00000, 0x000000070bb00000, 0x000000070bc00000|  0%| F|  |TAMS 0x000000070bb00000, 0x000000070bb00000| Untracked 
| 180|0x000000070bc00000, 0x000000070bc00000, 0x000000070bd00000|  0%| F|  |TAMS 0x000000070bc00000, 0x000000070bc00000| Untracked 
| 181|0x000000070bd00000, 0x000000070bd00000, 0x000000070be00000|  0%| F|  |TAMS 0x000000070bd00000, 0x000000070bd00000| Untracked 
| 182|0x000000070be00000, 0x000000070be00000, 0x000000070bf00000|  0%| F|  |TAMS 0x000000070be00000, 0x000000070be00000| Untracked 
| 183|0x000000070bf00000, 0x000000070bf00000, 0x000000070c000000|  0%| F|  |TAMS 0x000000070bf00000, 0x000000070bf00000| Untracked 
| 184|0x000000070c000000, 0x000000070c000000, 0x000000070c100000|  0%| F|  |TAMS 0x000000070c000000, 0x000000070c000000| Untracked 
| 185|0x000000070c100000, 0x000000070c100000, 0x000000070c200000|  0%| F|  |TAMS 0x000000070c100000, 0x000000070c100000| Untracked 
| 186|0x000000070c200000, 0x000000070c200000, 0x000000070c300000|  0%| F|  |TAMS 0x000000070c200000, 0x000000070c200000| Untracked 
| 187|0x000000070c300000, 0x000000070c300000, 0x000000070c400000|  0%| F|  |TAMS 0x000000070c300000, 0x000000070c300000| Untracked 
| 188|0x000000070c400000, 0x000000070c400000, 0x000000070c500000|  0%| F|  |TAMS 0x000000070c400000, 0x000000070c400000| Untracked 
| 189|0x000000070c500000, 0x000000070c500000, 0x000000070c600000|  0%| F|  |TAMS 0x000000070c500000, 0x000000070c500000| Untracked 
| 190|0x000000070c600000, 0x000000070c600000, 0x000000070c700000|  0%| F|  |TAMS 0x000000070c600000, 0x000000070c600000| Untracked 
| 191|0x000000070c700000, 0x000000070c700000, 0x000000070c800000|  0%| F|  |TAMS 0x000000070c700000, 0x000000070c700000| Untracked 
| 192|0x000000070c800000, 0x000000070c800000, 0x000000070c900000|  0%| F|  |TAMS 0x000000070c800000, 0x000000070c800000| Untracked 
| 193|0x000000070c900000, 0x000000070c900000, 0x000000070ca00000|  0%| F|  |TAMS 0x000000070c900000, 0x000000070c900000| Untracked 
| 194|0x000000070ca00000, 0x000000070ca00000, 0x000000070cb00000|  0%| F|  |TAMS 0x000000070ca00000, 0x000000070ca00000| Untracked 
| 195|0x000000070cb00000, 0x000000070cb00000, 0x000000070cc00000|  0%| F|  |TAMS 0x000000070cb00000, 0x000000070cb00000| Untracked 
| 196|0x000000070cc00000, 0x000000070cc00000, 0x000000070cd00000|  0%| F|  |TAMS 0x000000070cc00000, 0x000000070cc00000| Untracked 
| 197|0x000000070cd00000, 0x000000070cd00000, 0x000000070ce00000|  0%| F|  |TAMS 0x000000070cd00000, 0x000000070cd00000| Untracked 
| 198|0x000000070ce00000, 0x000000070ce00000, 0x000000070cf00000|  0%| F|  |TAMS 0x000000070ce00000, 0x000000070ce00000| Untracked 
| 199|0x000000070cf00000, 0x000000070cf00000, 0x000000070d000000|  0%| F|  |TAMS 0x000000070cf00000, 0x000000070cf00000| Untracked 
| 200|0x000000070d000000, 0x000000070d000000, 0x000000070d100000|  0%| F|  |TAMS 0x000000070d000000, 0x000000070d000000| Untracked 
| 201|0x000000070d100000, 0x000000070d100000, 0x000000070d200000|  0%| F|  |TAMS 0x000000070d100000, 0x000000070d100000| Untracked 
| 202|0x000000070d200000, 0x000000070d200000, 0x000000070d300000|  0%| F|  |TAMS 0x000000070d200000, 0x000000070d200000| Untracked 
| 203|0x000000070d300000, 0x000000070d300000, 0x000000070d400000|  0%| F|  |TAMS 0x000000070d300000, 0x000000070d300000| Untracked 
| 204|0x000000070d400000, 0x000000070d400000, 0x000000070d500000|  0%| F|  |TAMS 0x000000070d400000, 0x000000070d400000| Untracked 
| 205|0x000000070d500000, 0x000000070d500000, 0x000000070d600000|  0%| F|  |TAMS 0x000000070d500000, 0x000000070d500000| Untracked 
| 206|0x000000070d600000, 0x000000070d600000, 0x000000070d700000|  0%| F|  |TAMS 0x000000070d600000, 0x000000070d600000| Untracked 
| 207|0x000000070d700000, 0x000000070d700000, 0x000000070d800000|  0%| F|  |TAMS 0x000000070d700000, 0x000000070d700000| Untracked 
| 208|0x000000070d800000, 0x000000070d800000, 0x000000070d900000|  0%| F|  |TAMS 0x000000070d800000, 0x000000070d800000| Untracked 
| 209|0x000000070d900000, 0x000000070d900000, 0x000000070da00000|  0%| F|  |TAMS 0x000000070d900000, 0x000000070d900000| Untracked 
| 210|0x000000070da00000, 0x000000070da00000, 0x000000070db00000|  0%| F|  |TAMS 0x000000070da00000, 0x000000070da00000| Untracked 
| 211|0x000000070db00000, 0x000000070db00000, 0x000000070dc00000|  0%| F|  |TAMS 0x000000070db00000, 0x000000070db00000| Untracked 
| 212|0x000000070dc00000, 0x000000070dc00000, 0x000000070dd00000|  0%| F|  |TAMS 0x000000070dc00000, 0x000000070dc00000| Untracked 
| 213|0x000000070dd00000, 0x000000070dd00000, 0x000000070de00000|  0%| F|  |TAMS 0x000000070dd00000, 0x000000070dd00000| Untracked 
| 214|0x000000070de00000, 0x000000070de00000, 0x000000070df00000|  0%| F|  |TAMS 0x000000070de00000, 0x000000070de00000| Untracked 
| 215|0x000000070df00000, 0x000000070df00000, 0x000000070e000000|  0%| F|  |TAMS 0x000000070df00000, 0x000000070df00000| Untracked 
| 216|0x000000070e000000, 0x000000070e000000, 0x000000070e100000|  0%| F|  |TAMS 0x000000070e000000, 0x000000070e000000| Untracked 
| 217|0x000000070e100000, 0x000000070e100000, 0x000000070e200000|  0%| F|  |TAMS 0x000000070e100000, 0x000000070e100000| Untracked 
| 218|0x000000070e200000, 0x000000070e200000, 0x000000070e300000|  0%| F|  |TAMS 0x000000070e200000, 0x000000070e200000| Untracked 
| 219|0x000000070e300000, 0x000000070e300000, 0x000000070e400000|  0%| F|  |TAMS 0x000000070e300000, 0x000000070e300000| Untracked 
| 220|0x000000070e400000, 0x000000070e400000, 0x000000070e500000|  0%| F|  |TAMS 0x000000070e400000, 0x000000070e400000| Untracked 
| 221|0x000000070e500000, 0x000000070e500000, 0x000000070e600000|  0%| F|  |TAMS 0x000000070e500000, 0x000000070e500000| Untracked 
| 222|0x000000070e600000, 0x000000070e600000, 0x000000070e700000|  0%| F|  |TAMS 0x000000070e600000, 0x000000070e600000| Untracked 
| 223|0x000000070e700000, 0x000000070e700000, 0x000000070e800000|  0%| F|  |TAMS 0x000000070e700000, 0x000000070e700000| Untracked 
| 224|0x000000070e800000, 0x000000070e800000, 0x000000070e900000|  0%| F|  |TAMS 0x000000070e800000, 0x000000070e800000| Untracked 
| 225|0x000000070e900000, 0x000000070e900000, 0x000000070ea00000|  0%| F|  |TAMS 0x000000070e900000, 0x000000070e900000| Untracked 
| 226|0x000000070ea00000, 0x000000070ea00000, 0x000000070eb00000|  0%| F|  |TAMS 0x000000070ea00000, 0x000000070ea00000| Untracked 
| 227|0x000000070eb00000, 0x000000070eb00000, 0x000000070ec00000|  0%| F|  |TAMS 0x000000070eb00000, 0x000000070eb00000| Untracked 
| 228|0x000000070ec00000, 0x000000070ec00000, 0x000000070ed00000|  0%| F|  |TAMS 0x000000070ec00000, 0x000000070ec00000| Untracked 
| 229|0x000000070ed00000, 0x000000070ed00000, 0x000000070ee00000|  0%| F|  |TAMS 0x000000070ed00000, 0x000000070ed00000| Untracked 
| 230|0x000000070ee00000, 0x000000070ee00000, 0x000000070ef00000|  0%| F|  |TAMS 0x000000070ee00000, 0x000000070ee00000| Untracked 
| 231|0x000000070ef00000, 0x000000070ef00000, 0x000000070f000000|  0%| F|  |TAMS 0x000000070ef00000, 0x000000070ef00000| Untracked 
| 232|0x000000070f000000, 0x000000070f000000, 0x000000070f100000|  0%| F|  |TAMS 0x000000070f000000, 0x000000070f000000| Untracked 
| 233|0x000000070f100000, 0x000000070f100000, 0x000000070f200000|  0%| F|  |TAMS 0x000000070f100000, 0x000000070f100000| Untracked 
| 234|0x000000070f200000, 0x000000070f200000, 0x000000070f300000|  0%| F|  |TAMS 0x000000070f200000, 0x000000070f200000| Untracked 
| 235|0x000000070f300000, 0x000000070f300000, 0x000000070f400000|  0%| F|  |TAMS 0x000000070f300000, 0x000000070f300000| Untracked 
| 236|0x000000070f400000, 0x000000070f400000, 0x000000070f500000|  0%| F|  |TAMS 0x000000070f400000, 0x000000070f400000| Untracked 
| 237|0x000000070f500000, 0x000000070f500000, 0x000000070f600000|  0%| F|  |TAMS 0x000000070f500000, 0x000000070f500000| Untracked 
| 238|0x000000070f600000, 0x000000070f600000, 0x000000070f700000|  0%| F|  |TAMS 0x000000070f600000, 0x000000070f600000| Untracked 
| 239|0x000000070f700000, 0x000000070f700000, 0x000000070f800000|  0%| F|  |TAMS 0x000000070f700000, 0x000000070f700000| Untracked 
| 240|0x000000070f800000, 0x000000070f900000, 0x000000070f900000|100%| E|  |TAMS 0x000000070f800000, 0x000000070f800000| Complete 
| 241|0x000000070f900000, 0x000000070fa00000, 0x000000070fa00000|100%| E|CS|TAMS 0x000000070f900000, 0x000000070f900000| Complete 
| 242|0x000000070fa00000, 0x000000070fb00000, 0x000000070fb00000|100%| E|CS|TAMS 0x000000070fa00000, 0x000000070fa00000| Complete 
| 243|0x000000070fb00000, 0x000000070fc00000, 0x000000070fc00000|100%| E|CS|TAMS 0x000000070fb00000, 0x000000070fb00000| Complete 
| 244|0x000000070fc00000, 0x000000070fd00000, 0x000000070fd00000|100%| E|CS|TAMS 0x000000070fc00000, 0x000000070fc00000| Complete 
| 245|0x000000070fd00000, 0x000000070fe00000, 0x000000070fe00000|100%| E|CS|TAMS 0x000000070fd00000, 0x000000070fd00000| Complete 
| 246|0x000000070fe00000, 0x000000070ff00000, 0x000000070ff00000|100%| E|CS|TAMS 0x000000070fe00000, 0x000000070fe00000| Complete 
| 247|0x000000070ff00000, 0x0000000710000000, 0x0000000710000000|100%| E|CS|TAMS 0x000000070ff00000, 0x000000070ff00000| Complete 
| 248|0x0000000710000000, 0x0000000710100000, 0x0000000710100000|100%| E|CS|TAMS 0x0000000710000000, 0x0000000710000000| Complete 
| 249|0x0000000710100000, 0x0000000710200000, 0x0000000710200000|100%| E|CS|TAMS 0x0000000710100000, 0x0000000710100000| Complete 
| 250|0x0000000710200000, 0x0000000710231888, 0x0000000710300000| 19%| S|CS|TAMS 0x0000000710200000, 0x0000000710200000| Complete 
| 251|0x0000000710300000, 0x0000000710400000, 0x0000000710400000|100%| S|CS|TAMS 0x0000000710300000, 0x0000000710300000| Complete 
| 252|0x0000000710400000, 0x0000000710500000, 0x0000000710500000|100%| S|CS|TAMS 0x0000000710400000, 0x0000000710400000| Complete 
| 253|0x0000000710500000, 0x0000000710600000, 0x0000000710600000|100%| S|CS|TAMS 0x0000000710500000, 0x0000000710500000| Complete 
| 254|0x0000000710600000, 0x0000000710700000, 0x0000000710700000|100%| E|CS|TAMS 0x0000000710600000, 0x0000000710600000| Complete 
| 255|0x0000000710700000, 0x0000000710800000, 0x0000000710800000|100%| E|CS|TAMS 0x0000000710700000, 0x0000000710700000| Complete 

Card table byte_map: [0x0000015dc4e90000,0x0000015dc5690000] _byte_map_base: 0x0000015dc168c000

Marking Bits (Prev, Next): (CMBitMap*) 0x0000015dad09aee0, (CMBitMap*) 0x0000015dad09aea8
 Prev Bits: [0x0000015dc9e70000, 0x0000015dcde50000)
 Next Bits: [0x0000015dc5e90000, 0x0000015dc9e70000)

Polling page: 0x0000015daafc0000

Metaspace:

Usage:
  Non-class:     17.27 MB capacity,    16.99 MB ( 98%) used,   234.48 KB (  1%) free+waste,    50.94 KB ( <1%) overhead. 
      Class:      2.09 MB capacity,     1.88 MB ( 90%) used,   190.63 KB (  9%) free+waste,    25.94 KB (  1%) overhead. 
       Both:     19.36 MB capacity,    18.87 MB ( 97%) used,   425.11 KB (  2%) free+waste,    76.88 KB ( <1%) overhead. 

Virtual space:
  Non-class space:       18.00 MB reserved,      17.50 MB ( 97%) committed 
      Class space:        1.00 GB reserved,       2.13 MB ( <1%) committed 
             Both:        1.02 GB reserved,      19.63 MB (  2%) committed 

Chunk freelists:
   Non-Class:  5.88 KB
       Class:  512 bytes
        Both:  6.38 KB

CodeHeap 'non-profiled nmethods': size=120000Kb used=2345Kb max_used=2345Kb free=117655Kb
 bounds [0x0000015dbce30000, 0x0000015dbd0a0000, 0x0000015dc4360000]
CodeHeap 'profiled nmethods': size=120000Kb used=6711Kb max_used=6711Kb free=113288Kb
 bounds [0x0000015db5900000, 0x0000015db5f90000, 0x0000015dbce30000]
CodeHeap 'non-nmethods': size=5760Kb used=1253Kb max_used=1297Kb free=4506Kb
 bounds [0x0000015db5360000, 0x0000015db55d0000, 0x0000015db5900000]
 total_blobs=4628 nmethods=3080 adapters=534
 compilation: enabled
              stopped_count=0, restarted_count=0
 full_count=0

Compilation events (10 events):
Event: 92.618 Thread 0x0000015dd131f000 3079       3       sun.java2d.pipe.Region::isInsideQuickCheck (57 bytes)
Event: 92.618 Thread 0x0000015dd131f000 nmethod 3079 0x0000015db5f8ad90 code [0x0000015db5f8af40, 0x0000015db5f8b1f8]
Event: 92.819 Thread 0x0000015dd131f000 3080       3       java.awt.Container::processEvent (22 bytes)
Event: 92.819 Thread 0x0000015dd131f000 nmethod 3080 0x0000015db5f8b290 code [0x0000015db5f8b480, 0x0000015db5f8b920]
Event: 92.834 Thread 0x0000015dd131f000 3081       3       java.awt.Component::getGraphics (124 bytes)
Event: 92.835 Thread 0x0000015dd131f000 nmethod 3081 0x0000015db5f8ba10 code [0x0000015db5f8bca0, 0x0000015db5f8ca70]
Event: 93.199 Thread 0x0000015dd131f000 3082       3       java.util.Arrays::asList (9 bytes)
Event: 93.199 Thread 0x0000015dd131f000 nmethod 3082 0x0000015db5f8cd10 code [0x0000015db5f8cf00, 0x0000015db5f8d3f0]
Event: 93.199 Thread 0x0000015dd131f000 3083       3       java.util.Arrays$ArrayList::<init> (16 bytes)
Event: 93.200 Thread 0x0000015dd131f000 nmethod 3083 0x0000015db5f8d590 code [0x0000015db5f8d780, 0x0000015db5f8dbd0]

GC Heap History (8 events):
Event: 1.138 GC heap before
{Heap before GC invocations=0 (full 0):
 garbage-first heap   total 262144K, used 47104K [0x0000000700800000, 0x0000000800000000)
  region size 1024K, 24 young (24576K), 0 survivors (0K)
 Metaspace       used 13061K, capacity 13361K, committed 13568K, reserved 1060864K
  class space    used 1291K, capacity 1433K, committed 1536K, reserved 1048576K
}
Event: 1.182 GC heap after
{Heap after GC invocations=1 (full 0):
 garbage-first heap   total 262144K, used 22764K [0x0000000700800000, 0x0000000800000000)
  region size 1024K, 3 young (3072K), 3 survivors (3072K)
 Metaspace       used 13061K, capacity 13361K, committed 13568K, reserved 1060864K
  class space    used 1291K, capacity 1433K, committed 1536K, reserved 1048576K
}
Event: 59.144 GC heap before
{Heap before GC invocations=1 (full 0):
 garbage-first heap   total 262144K, used 245996K [0x0000000700800000, 0x0000000800000000)
  region size 1024K, 131 young (134144K), 3 survivors (3072K)
 Metaspace       used 19059K, capacity 19501K, committed 19584K, reserved 1067008K
  class space    used 1916K, capacity 2140K, committed 2176K, reserved 1048576K
}
Event: 59.150 GC heap after
{Heap after GC invocations=2 (full 0):
 garbage-first heap   total 262144K, used 109786K [0x0000000700800000, 0x0000000800000000)
  region size 1024K, 7 young (7168K), 7 survivors (7168K)
 Metaspace       used 19059K, capacity 19501K, committed 19584K, reserved 1067008K
  class space    used 1916K, capacity 2140K, committed 2176K, reserved 1048576K
}
Event: 79.616 GC heap before
{Heap before GC invocations=3 (full 0):
 garbage-first heap   total 262144K, used 166106K [0x0000000700800000, 0x0000000800000000)
  region size 1024K, 49 young (50176K), 7 survivors (7168K)
 Metaspace       used 19108K, capacity 19629K, committed 19840K, reserved 1067008K
  class space    used 1916K, capacity 2140K, committed 2176K, reserved 1048576K
}
Event: 79.622 GC heap after
{Heap after GC invocations=4 (full 0):
 garbage-first heap   total 262144K, used 125978K [0x0000000700800000, 0x0000000800000000)
  region size 1024K, 10 young (10240K), 10 survivors (10240K)
 Metaspace       used 19108K, capacity 19629K, committed 19840K, reserved 1067008K
  class space    used 1916K, capacity 2140K, committed 2176K, reserved 1048576K
}
Event: 79.643 GC heap before
{Heap before GC invocations=5 (full 0):
 garbage-first heap   total 262144K, used 133146K [0x0000000700800000, 0x0000000800000000)
  region size 1024K, 12 young (12288K), 10 survivors (10240K)
 Metaspace       used 19112K, capacity 19629K, committed 19840K, reserved 1067008K
  class space    used 1916K, capacity 2140K, committed 2176K, reserved 1048576K
}
Event: 79.650 GC heap after
{Heap after GC invocations=6 (full 0):
 garbage-first heap   total 262144K, used 118099K [0x0000000700800000, 0x0000000800000000)
  region size 1024K, 4 young (4096K), 4 survivors (4096K)
 Metaspace       used 19112K, capacity 19629K, committed 19840K, reserved 1067008K
  class space    used 1916K, capacity 2140K, committed 2176K, reserved 1048576K
}

Deoptimization events (10 events):
Event: 79.786 Thread 0x0000015dd5c36000 Uncommon trap: reason=unstable_if action=reinterpret pc=0x0000015dbcff01b8 method=sun.font.FileFontStrike.getCachedGlyphPtrInternal(I)J @ 99 c2
Event: 89.830 Thread 0x0000015dd5e84000 Uncommon trap: reason=unstable_if action=reinterpret pc=0x0000015dbd034120 method=java.util.concurrent.locks.AbstractQueuedSynchronizer.acquireQueued(Ljava/util/concurrent/locks/AbstractQueuedSynchronizer$Node;I)Z @ 14 c2
Event: 91.829 Thread 0x0000015dd5c36000 Uncommon trap: reason=unstable_if action=reinterpret pc=0x0000015dbd074c48 method=java.awt.Component.inside(II)Z @ 21 c2
Event: 91.841 Thread 0x0000015dd5c36000 Uncommon trap: reason=unstable_if action=reinterpret pc=0x0000015dbd076cb8 method=java.awt.Container$MouseEventTargetFilter.accept(Ljava/awt/Component;)Z @ 43 c2
Event: 91.841 Thread 0x0000015dd5c36000 Uncommon trap: reason=unstable_if action=reinterpret pc=0x0000015dbd076db8 method=java.awt.Container.getMouseEventTargetImpl(IIZLjava/awt/Container$EventTargetFilter;ZZ)Ljava/awt/Component; @ 151 c2
Event: 91.841 Thread 0x0000015dd5c36000 Uncommon trap: reason=unstable_if action=reinterpret pc=0x0000015dbd076db8 method=java.awt.Container.getMouseEventTargetImpl(IIZLjava/awt/Container$EventTargetFilter;ZZ)Ljava/awt/Component; @ 151 c2
Event: 91.842 Thread 0x0000015dd5c36000 Uncommon trap: reason=unstable_if action=reinterpret pc=0x0000015dbd072654 method=java.awt.Container.dispatchEventImpl(Ljava/awt/AWTEvent;)V @ 15 c2
Event: 91.842 Thread 0x0000015dd5c36000 Uncommon trap: reason=unstable_if action=reinterpret pc=0x0000015dbd014600 method=sun.java2d.pipe.Region.isInsideQuickCheck(Lsun/java2d/pipe/Region;)Z @ 26 c2
Event: 91.842 Thread 0x0000015dd5c36000 Uncommon trap: reason=unstable_if action=reinterpret pc=0x0000015dbcffe2f0 method=sun.java2d.pipe.Region.isInsideQuickCheck(Lsun/java2d/pipe/Region;)Z @ 26 c2
Event: 93.319 Thread 0x0000015dd5c36000 Uncommon trap: reason=unstable_fused_if action=reinterpret pc=0x0000015dbd02889c method=java.awt.AWTEvent.<init>(Ljava/lang/Object;I)V @ 28 c2

Classes redefined (0 events):
No events

Internal exceptions (10 events):
Event: 2.420 Thread 0x0000015dad035000 Exception <a 'java/lang/NoSuchMethodError'{0x000000070cdbcee8}: java.lang.invoke.Invokers$Holder.linkToTargetMethod(Ljava/lang/Object;ILjava/lang/Object;)Ljava/lang/Object;> (0x000000070cdbcee8) thrown at [t:/workspace/open/src/hotspot/share/interpreter/l
Event: 2.474 Thread 0x0000015dad035000 Exception <a 'java/lang/NoSuchMethodError'{0x000000070cc256f8}: java.lang.invoke.DirectMethodHandle$Holder.invokeStatic(Ljava/lang/Object;Ljava/lang/Object;Ljava/lang/Object;Ljava/lang/Object;Ljava/lang/Object;Ljava/lang/Object;Ljava/lang/Object;Ljava/lan
Event: 2.532 Thread 0x0000015dad035000 Exception <a 'java/lang/NoSuchMethodError'{0x000000070cc746f0}: java.lang.invoke.DirectMethodHandle$Holder.invokeVirtual(Ljava/lang/Object;Ljava/lang/Object;Ljava/lang/Object;)I> (0x000000070cc746f0) thrown at [t:/workspace/open/src/hotspot/share/interpre
Event: 27.630 Thread 0x0000015dd5c36000 Implicit null exception at 0x0000015dbcf751fd to 0x0000015dbcf75542
Event: 28.409 Thread 0x0000015dd5c36000 Implicit null exception at 0x0000015dbcf07351 to 0x0000015dbcf074af
Event: 28.409 Thread 0x0000015dd5c36000 Implicit null exception at 0x0000015dbcf02fde to 0x0000015dbcf03163
Event: 28.452 Thread 0x0000015dd5c36000 Implicit null exception at 0x0000015dbcf8b9a4 to 0x0000015dbcf8e3d6
Event: 59.204 Thread 0x0000015dd5c36000 Implicit null exception at 0x0000015dbcfe3e35 to 0x0000015dbcfe597e
Event: 79.786 Thread 0x0000015dd5c36000 Implicit null exception at 0x0000015dbd02f0ed to 0x0000015dbd030d2a
Event: 79.786 Thread 0x0000015dd5c36000 Implicit null exception at 0x0000015dbcff00fc to 0x0000015dbcff019a

Events (10 events):
Event: 93.320 Thread 0x0000015dd5646800 Thread added: 0x0000015dd5646800
Event: 93.320 Thread 0x0000015dd5648000 Thread exited: 0x0000015dd5648000
Event: 93.321 Executing VM operation: RevokeBias
Event: 93.322 Executing VM operation: RevokeBias done
Event: 93.322 Thread 0x0000015dd5e82000 Thread exited: 0x0000015dd5e82000
Event: 93.353 Executing VM operation: RevokeBias
Event: 93.353 Executing VM operation: RevokeBias done
Event: 93.353 Thread 0x0000015dd1998000 Thread exited: 0x0000015dd1998000
Event: 93.422 Thread 0x0000015dd5646800 Thread exited: 0x0000015dd5646800
Event: 93.422 Executing VM operation: Exit


Dynamic libraries:
0x00007ff7e8790000 - 0x00007ff7e87d7000 	C:\Program Files\Java\jdk-11.0.1\bin\java.exe
0x00007ffea0870000 - 0x00007ffea0a51000 	C:\WINDOWS\SYSTEM32\ntdll.dll
0x00007ffe9fee0000 - 0x00007ffe9ff91000 	C:\WINDOWS\System32\KERNEL32.DLL
0x00007ffe9d050000 - 0x00007ffe9d2c3000 	C:\WINDOWS\System32\KERNELBASE.dll
0x00007ffe9e110000 - 0x00007ffe9e1b1000 	C:\WINDOWS\System32\ADVAPI32.dll
0x00007ffea07a0000 - 0x00007ffea083e000 	C:\WINDOWS\System32\msvcrt.dll
0x00007ffea0730000 - 0x00007ffea078b000 	C:\WINDOWS\System32\sechost.dll
0x00007ffe9e750000 - 0x00007ffe9e874000 	C:\WINDOWS\System32\RPCRT4.dll
0x00007ffe9dd30000 - 0x00007ffe9dec0000 	C:\WINDOWS\System32\USER32.dll
0x00007ffe9cc40000 - 0x00007ffe9cc60000 	C:\WINDOWS\System32\win32u.dll
0x00007ffe9dd00000 - 0x00007ffe9dd28000 	C:\WINDOWS\System32\GDI32.dll
0x00007ffe9db60000 - 0x00007ffe9dcf2000 	C:\WINDOWS\System32\gdi32full.dll
0x00007ffe9d330000 - 0x00007ffe9d3cf000 	C:\WINDOWS\System32\msvcp_win.dll
0x00007ffe9cf50000 - 0x00007ffe9d048000 	C:\WINDOWS\System32\ucrtbase.dll
0x00007ffe8bff0000 - 0x00007ffe8c259000 	C:\WINDOWS\WinSxS\amd64_microsoft.windows.common-controls_6595b64144ccf1df_6.0.17134.706_none_fb43a2cb30647007\COMCTL32.dll
0x00007ffe98110000 - 0x00007ffe9811a000 	C:\WINDOWS\SYSTEM32\VERSION.dll
0x00007ffe9e230000 - 0x00007ffe9e552000 	C:\WINDOWS\System32\combase.dll
0x00007ffe9dae0000 - 0x00007ffe9db5a000 	C:\WINDOWS\System32\bcryptPrimitives.dll
0x00007ffe9e060000 - 0x00007ffe9e08d000 	C:\WINDOWS\System32\IMM32.DLL
0x00007ffe85360000 - 0x00007ffe85376000 	C:\Program Files\Java\jdk-11.0.1\bin\vcruntime140.dll
0x00007ffe6df00000 - 0x00007ffe6dfaa000 	C:\Program Files\Java\jdk-11.0.1\bin\msvcp140.dll
0x00007ffe596d0000 - 0x00007ffe5a212000 	C:\Program Files\Java\jdk-11.0.1\bin\server\jvm.dll
0x00007ffea0790000 - 0x00007ffea0798000 	C:\WINDOWS\System32\PSAPI.DLL
0x00007ffe990c0000 - 0x00007ffe990c9000 	C:\WINDOWS\SYSTEM32\WSOCK32.dll
0x00007ffe9ae10000 - 0x00007ffe9ae33000 	C:\WINDOWS\SYSTEM32\WINMM.dll
0x00007ffe9e580000 - 0x00007ffe9e5ec000 	C:\WINDOWS\System32\WS2_32.dll
0x00007ffe9acc0000 - 0x00007ffe9acea000 	C:\WINDOWS\SYSTEM32\WINMMBASE.dll
0x00007ffe9ce50000 - 0x00007ffe9ce99000 	C:\WINDOWS\System32\cfgmgr32.dll
0x00007ffe9cc20000 - 0x00007ffe9cc31000 	C:\WINDOWS\System32\kernel.appcore.dll
0x00007ffe850d0000 - 0x00007ffe850e1000 	C:\Program Files\Java\jdk-11.0.1\bin\verify.dll
0x00007ffe8e630000 - 0x00007ffe8e7f9000 	C:\WINDOWS\SYSTEM32\DBGHELP.DLL
0x00007ffe8d670000 - 0x00007ffe8d699000 	C:\WINDOWS\SYSTEM32\dbgcore.DLL
0x00007ffe84c80000 - 0x00007ffe84ca9000 	C:\Program Files\Java\jdk-11.0.1\bin\java.dll
0x00007ffe6dbe0000 - 0x00007ffe6dc0f000 	C:\Program Files\Java\jdk-11.0.1\bin\instrument.dll
0x00007ffe81750000 - 0x00007ffe81766000 	C:\Program Files\Java\jdk-11.0.1\bin\zip.dll
0x00007ffe8e210000 - 0x00007ffe8e21a000 	C:\Program Files\Java\jdk-11.0.1\bin\jimage.dll
0x00007ffe9eaa0000 - 0x00007ffe9fee0000 	C:\WINDOWS\System32\SHELL32.dll
0x00007ffe9dfb0000 - 0x00007ffe9e059000 	C:\WINDOWS\System32\shcore.dll
0x00007ffe9d3d0000 - 0x00007ffe9dadd000 	C:\WINDOWS\System32\windows.storage.dll
0x00007ffea0210000 - 0x00007ffea0261000 	C:\WINDOWS\System32\shlwapi.dll
0x00007ffe9cbf0000 - 0x00007ffe9cc0f000 	C:\WINDOWS\System32\profapi.dll
0x00007ffe9cba0000 - 0x00007ffe9cbec000 	C:\WINDOWS\System32\powrprof.dll
0x00007ffe9cc10000 - 0x00007ffe9cc1a000 	C:\WINDOWS\System32\FLTLIB.DLL
0x00007ffe7a340000 - 0x00007ffe7a359000 	C:\Program Files\Java\jdk-11.0.1\bin\net.dll
0x00007ffe965d0000 - 0x00007ffe966ad000 	C:\WINDOWS\SYSTEM32\WINHTTP.dll
0x00007ffe9c400000 - 0x00007ffe9c466000 	C:\WINDOWS\system32\mswsock.dll
0x00007ffe79cc0000 - 0x00007ffe79cd3000 	C:\Program Files\Java\jdk-11.0.1\bin\nio.dll
0x00007ffe75130000 - 0x00007ffe7514a000 	C:\Program Files\JetBrains\IntelliJ IDEA 2018.2.6\bin\breakgen64.dll
0x00007ffe5b4f0000 - 0x00007ffe5b68f000 	C:\Program Files\Java\jdk-11.0.1\bin\awt.dll
0x00007ffe9ffa0000 - 0x00007ffea0062000 	C:\WINDOWS\System32\OLEAUT32.dll
0x00007ffe99ff0000 - 0x00007ffe9a5b7000 	C:\WINDOWS\SYSTEM32\d2d1.dll
0x00007ffe9af00000 - 0x00007ffe9af8b000 	C:\WINDOWS\SYSTEM32\apphelp.dll
0x00007ffe9b080000 - 0x00007ffe9b118000 	C:\WINDOWS\system32\uxtheme.dll
0x00007ffe9e920000 - 0x00007ffe9ea93000 	C:\WINDOWS\System32\MSCTF.dll
0x00007ffe9b310000 - 0x00007ffe9b339000 	C:\WINDOWS\system32\dwmapi.dll
0x00007ffe9e5f0000 - 0x00007ffe9e741000 	C:\WINDOWS\System32\ole32.dll
0x00007ffe74980000 - 0x00007ffe74992000 	C:\Program Files\Java\jdk-11.0.1\bin\jsound.dll
0x00007ffe68fe0000 - 0x00007ffe6906f000 	C:\WINDOWS\SYSTEM32\DSOUND.dll
0x00007ffe9e880000 - 0x00007ffe9e920000 	C:\WINDOWS\System32\clbcatq.dll
0x00007ffe96c20000 - 0x00007ffe96c96000 	C:\WINDOWS\System32\MMDevApi.dll
0x00007ffe99130000 - 0x00007ffe992e4000 	C:\WINDOWS\System32\PROPSYS.dll
0x00007ffe9c990000 - 0x00007ffe9c9b7000 	C:\WINDOWS\System32\DEVOBJ.dll
0x00007ffe6f470000 - 0x00007ffe6f4b4000 	C:\WINDOWS\SYSTEM32\wdmaud.drv
0x00007ffe98c70000 - 0x00007ffe98c79000 	C:\WINDOWS\SYSTEM32\ksuser.dll
0x00007ffe98860000 - 0x00007ffe9886a000 	C:\WINDOWS\SYSTEM32\AVRT.dll
0x00007ffe68e00000 - 0x00007ffe68f2c000 	C:\WINDOWS\SYSTEM32\AUDIOSES.DLL
0x00007ffe98f00000 - 0x00007ffe9904d000 	C:\WINDOWS\SYSTEM32\wintypes.dll
0x00007ffe93680000 - 0x00007ffe9368d000 	C:\WINDOWS\SYSTEM32\msacm32.drv
0x00007ffe930a0000 - 0x00007ffe930bc000 	C:\WINDOWS\SYSTEM32\MSACM32.dll
0x00007ffe93670000 - 0x00007ffe9367a000 	C:\WINDOWS\SYSTEM32\midimap.dll
0x00007ffe8d6f0000 - 0x00007ffe8d804000 	C:\Windows\System32\Windows.UI.dll
0x00007ffe8dd10000 - 0x00007ffe8dda6000 	C:\Windows\System32\TextInputFramework.dll
0x00007ffe8d520000 - 0x00007ffe8d599000 	C:\Windows\System32\InputHost.dll
0x00007ffe8bcd0000 - 0x00007ffe8bfee000 	C:\Windows\System32\CoreUIComponents.dll
0x00007ffe9abe0000 - 0x00007ffe9acba000 	C:\Windows\System32\CoreMessaging.dll
0x00007ffe9bc70000 - 0x00007ffe9bca1000 	C:\WINDOWS\SYSTEM32\ntmarta.dll
0x00007ffe79fe0000 - 0x00007ffe7a100000 	C:\WINDOWS\system32\opengl32.dll
0x00007ffe97670000 - 0x00007ffe9769c000 	C:\WINDOWS\SYSTEM32\GLU32.dll
0x00007ffe92ae0000 - 0x00007ffe92bce000 	C:\WINDOWS\System32\DriverStore\FileRepository\nv_dispi.inf_amd64_37ec54c19854e219\nvldumdx.dll
0x00007ffe9cc60000 - 0x00007ffe9ce42000 	C:\WINDOWS\System32\crypt32.dll
0x00007ffe9cb80000 - 0x00007ffe9cb92000 	C:\WINDOWS\System32\MSASN1.dll
0x00007ffe9d2d0000 - 0x00007ffe9d327000 	C:\WINDOWS\System32\WINTRUST.DLL
0x00007ffe9e560000 - 0x00007ffe9e57d000 	C:\WINDOWS\System32\imagehlp.dll
0x00007ffe9c5b0000 - 0x00007ffe9c5c7000 	C:\WINDOWS\SYSTEM32\CRYPTSP.dll
0x00007ffe9bfe0000 - 0x00007ffe9c013000 	C:\WINDOWS\system32\rsaenh.dll
0x00007ffe9c6e0000 - 0x00007ffe9c705000 	C:\WINDOWS\SYSTEM32\bcrypt.dll
0x00007ffe9c5d0000 - 0x00007ffe9c5db000 	C:\WINDOWS\SYSTEM32\CRYPTBASE.dll
0x00007ffe58310000 - 0x00007ffe596d0000 	C:\WINDOWS\System32\DriverStore\FileRepository\nv_dispi.inf_amd64_37ec54c19854e219\nvd3dumx.dll
0x00007ffe855c0000 - 0x00007ffe85684000 	C:\Program Files (x86)\NVIDIA Corporation\3D Vision\nvSCPAPI64.dll
0x00007ffea0270000 - 0x00007ffea06bb000 	C:\WINDOWS\System32\SETUPAPI.dll
0x00007ffe75c40000 - 0x00007ffe75eee000 	C:\WINDOWS\system32\nvspcap64.dll
0x00007ffe9b8c0000 - 0x00007ffe9b8e2000 	C:\WINDOWS\SYSTEM32\gpapi.dll
0x00007ffe96f70000 - 0x00007ffe96f9e000 	C:\WINDOWS\SYSTEM32\cryptnet.dll
0x00007ffe66250000 - 0x00007ffe662d0000 	C:\Program Files\Java\jdk-11.0.1\bin\freetype.dll
0x00007ffe65280000 - 0x00007ffe652ef000 	C:\Program Files\Java\jdk-11.0.1\bin\fontmanager.dll
0x00007ffe58030000 - 0x00007ffe58304000 	C:\Users\sellm\AppData\Roaming\discord\0.0.305\modules\discord_hook\151198a728\DiscordHook64.dll
0x00007ffe9c180000 - 0x00007ffe9c1b8000 	C:\WINDOWS\SYSTEM32\IPHLPAPI.DLL
0x00007ffe9ca80000 - 0x00007ffe9caa8000 	C:\WINDOWS\SYSTEM32\USERENV.dll

dbghelp: loaded successfully - version: 4.0.5 - missing functions: none
symbol engine: initialized successfully - sym options: 0x614 - pdb path: .;C:\Program Files\Java\jdk-11.0.1\bin;C:\WINDOWS\SYSTEM32;C:\WINDOWS\WinSxS\amd64_microsoft.windows.common-controls_6595b64144ccf1df_6.0.17134.706_none_fb43a2cb30647007;C:\Program Files\Java\jdk-11.0.1\bin\server;C:\Program Files\JetBrains\IntelliJ IDEA 2018.2.6\bin;C:\WINDOWS\System32\DriverStore\FileRepository\nv_dispi.inf_amd64_37ec54c19854e219;C:\Program Files (x86)\NVIDIA Corporation\3D Vision;C:\Users\sellm\AppData\Roaming\discord\0.0.305\modules\discord_hook\151198a728

VM Arguments:
jvm_args: -javaagent:C:\Program Files\JetBrains\IntelliJ IDEA 2018.2.6\lib\idea_rt.jar=52517:C:\Program Files\JetBrains\IntelliJ IDEA 2018.2.6\bin -Dfile.encoding=UTF-8 
java_command: game.Game
java_class_path (initial): C:\Users\sellm\Desktop\IN1007\StardustCrusaders\BasicDemo\out\production\azza;C:\Users\sellm\Desktop\IN1007\CityEngine.jar
Launcher Type: SUN_STANDARD

[Global flags]
     intx CICompilerCount                          = 4                                         {product} {ergonomic}
     uint ConcGCThreads                            = 2                                         {product} {ergonomic}
     uint G1ConcRefinementThreads                  = 8                                         {product} {ergonomic}
   size_t G1HeapRegionSize                         = 1048576                                   {product} {ergonomic}
    uintx GCDrainStackTargetSize                   = 64                                        {product} {ergonomic}
   size_t InitialHeapSize                          = 268435456                                 {product} {ergonomic}
   size_t MarkStackSize                            = 4194304                                   {product} {ergonomic}
   size_t MaxHeapSize                              = 4286578688                                {product} {ergonomic}
   size_t MaxNewSize                               = 2571108352                                {product} {ergonomic}
   size_t MinHeapDeltaBytes                        = 1048576                                   {product} {ergonomic}
    uintx NonNMethodCodeHeapSize                   = 5835340                                {pd product} {ergonomic}
    uintx NonProfiledCodeHeapSize                  = 122911450                              {pd product} {ergonomic}
    uintx ProfiledCodeHeapSize                     = 122911450                              {pd product} {ergonomic}
    uintx ReservedCodeCacheSize                    = 251658240                              {pd product} {ergonomic}
     bool SegmentedCodeCache                       = true                                      {product} {ergonomic}
     bool UseCompressedClassPointers               = true                                 {lp64_product} {ergonomic}
     bool UseCompressedOops                        = true                                 {lp64_product} {ergonomic}
     bool UseG1GC                                  = true                                      {product} {ergonomic}
     bool UseLargePagesIndividualAllocation        = false                                  {pd product} {ergonomic}

Logging:
Log output configuration:
 #0: stdout all=warning uptime,level,tags
 #1: stderr all=off uptime,level,tags

Environment Variables:
PATH=C:\Program Files (x86)\Common Files\Oracle\Java\javapath;C:\ProgramData\Oracle\Java\javapath;C:\Windows\system32;C:\Windows;C:\Windows\System32\Wbem;C:\Windows\System32\WindowsPowerShell\v1.0\;C:\Program Files (x86)\GtkSharp\2.12\bin;C:\WINDOWS\system32;C:\WINDOWS;C:\WINDOWS\System32\Wbem;C:\WINDOWS\System32\WindowsPowerShell\v1.0\;C:\WINDOWS\System32\OpenSSH\;C:\Program Files\NVIDIA Corporation\NVIDIA NvDLISR;C:\Program Files\Git\cmd;C:\Program Files (x86)\NVIDIA Corporation\PhysX\Common;C:\Users\sellm\AppData\Local\Microsoft\WindowsApps;C:\Gradle\gradle-4.10.2\bin;C:\Users\sellm\AppData\Local\atom\bin
USERNAME=sellm
OS=Windows_NT
PROCESSOR_IDENTIFIER=Intel64 Family 6 Model 158 Stepping 9, GenuineIntel



---------------  S Y S T E M  ---------------

OS: Windows 10 , 64 bit Build 17134 (10.0.17134.706)

CPU:total 8 (initial active 8) (4 cores per cpu, 2 threads per core) family 6 model 158 stepping 9, cmov, cx8, fxsr, mmx, sse, sse2, sse3, ssse3, sse4.1, sse4.2, popcnt, avx, avx2, aes, clmul, erms, rtm, 3dnowpref, lzcnt, ht, tsc, tscinvbit, bmi1, bmi2, adx, fma

Memory: 4k page, system-wide physical 16347M (8275M free)
TotalPageFile size 19035M (AvailPageFile size 5621M)
current process WorkingSet (physical memory assigned to process): 343M, peak: 517M
current process commit charge ("private bytes"): 534M, peak: 714M

vm_info: Java HotSpot(TM) 64-Bit Server VM (11.0.1+13-LTS) for windows-amd64 JRE (11.0.1+13-LTS), built on Oct  6 2018 13:20:16 by "mach5one" with MS VC++ 15.5 (VS2017)

END.
